#
# There is insufficient memory for the Java Runtime Environment to continue.
# Native memory allocation (malloc) failed to allocate 165616 bytes for Chunk::new
# Possible reasons:
#   The system is out of physical RAM or swap space
#   The process is running with CompressedOops enabled, and the Java Heap may be blocking the growth of the native heap
# Possible solutions:
#   Reduce memory load on the system
#   Increase physical memory or swap space
#   Check if swap backing store is full
#   Decrease Java heap size (-Xmx/-Xms)
#   Decrease number of Java threads
#   Decrease Java thread stack sizes (-Xss)
#   Set larger code cache with -XX:ReservedCodeCacheSize=
#   JVM is running with Unscaled Compressed Oops mode in which the Java heap is
#     placed in the first 4GB address space. The Java Heap base address is the
#     maximum limit for the native heap growth. Please use -XX:HeapBaseMinAddress
#     to set the Java Heap base and to place the Java Heap above 4GB virtual address.
# This output file may be truncated or incomplete.
#
#  Out of Memory Error (arena.cpp:184), pid=21552, tid=1108
#
# JRE version: OpenJDK Runtime Environment (19.0.1+10) (build 19.0.1+10-21)
# Java VM: OpenJDK 64-Bit Server VM (19.0.1+10-21, mixed mode, sharing, tiered, compressed oops, compressed class ptrs, g1 gc, windows-amd64)
# No core dump will be written. Minidumps are not enabled by default on client versions of Windows
#

---------------  S U M M A R Y ------------

Command Line: -javaagent:C:\Program Files\JetBrains\IntelliJ IDEA Community Edition 2022.1.3\lib\idea_rt.jar=57859:C:\Program Files\JetBrains\IntelliJ IDEA Community Edition 2022.1.3\bin -Dfile.encoding=UTF-8 com.whatsapp.whatsappclone.WhatsappcloneApplication

Host: Intel(R) Core(TM) i5-10210U CPU @ 1.60GHz, 8 cores, 7G,  Windows 11 , 64 bit Build 22621 (10.0.22621.1928)
Time: Mon Jul 17 17:09:04 2023 India Standard Time elapsed time: 126.332231 seconds (0d 0h 2m 6s)

---------------  T H R E A D  ---------------

Current thread (0x000001f77c6d8dc0):  JavaThread "C2 CompilerThread0" daemon [_thread_in_native, id=1108, stack(0x000000ef7a700000,0x000000ef7a800000)]


Current CompileTask:
C2: 126332 11026 %     4       java.util.concurrent.ConcurrentHashMap$CollectionView::toArray @ 72 (204 bytes)

Stack: [0x000000ef7a700000,0x000000ef7a800000]
Native frames: (J=compiled Java code, j=interpreted, Vv=VM code, C=native code)
V  [jvm.dll+0x6ee8fa]
V  [jvm.dll+0x857a1e]
V  [jvm.dll+0x85940e]
V  [jvm.dll+0x859ac3]
V  [jvm.dll+0x28291f]
V  [jvm.dll+0xc9b5f]
V  [jvm.dll+0xc9ee5]
V  [jvm.dll+0x3bcb72]
V  [jvm.dll+0x386201]
V  [jvm.dll+0x38567a]
V  [jvm.dll+0x24c2c9]
V  [jvm.dll+0x24b671]
V  [jvm.dll+0x1d6d61]
V  [jvm.dll+0x25b0fa]
V  [jvm.dll+0x259588]
V  [jvm.dll+0x807928]
V  [jvm.dll+0x8015fa]
V  [jvm.dll+0x6ed5eb]
C  [ucrtbase.dll+0x29363]
C  [KERNEL32.DLL+0x126ad]
C  [ntdll.dll+0x5aa68]


---------------  P R O C E S S  ---------------

Threads class SMR info:
_java_thread_list=0x000001f7056f1650, length=32, elements={
0x000001f77c6c6fa0, 0x000001f77c6c7ad0, 0x000001f77c6c9970, 0x000001f77c6cc3b0,
0x000001f77c6cecf0, 0x000001f77c6cf620, 0x000001f77c6d8dc0, 0x000001f77c6e1740,
0x000001f77c6e20b0, 0x000001f77cf40380, 0x000001f77d2cb960, 0x000001f77d138880,
0x000001f77f1865a0, 0x000001f77f185b00, 0x000001f7048cc830, 0x000001f7048cd820,
0x000001f7048cb2f0, 0x000001f7048cbd90, 0x000001f7048cada0, 0x000001f7048ca850,
0x000001f7048cb840, 0x000001f7060dc780, 0x000001f7060dc230, 0x000001f7060dccd0,
0x000001f7060dd220, 0x000001f7060dd770, 0x000001f7060de760, 0x000001f7060d97b0,
0x000001f7060df200, 0x000001f7060ddcc0, 0x000001f7060dfca0, 0x000001f7060da7a0
}

Java Threads: ( => current thread )
  0x000001f77c6c6fa0 JavaThread "Reference Handler" daemon [_thread_blocked, id=20596, stack(0x000000ef7a100000,0x000000ef7a200000)]
  0x000001f77c6c7ad0 JavaThread "Finalizer" daemon [_thread_blocked, id=22240, stack(0x000000ef7a200000,0x000000ef7a300000)]
  0x000001f77c6c9970 JavaThread "Signal Dispatcher" daemon [_thread_blocked, id=21016, stack(0x000000ef7a300000,0x000000ef7a400000)]
  0x000001f77c6cc3b0 JavaThread "Attach Listener" daemon [_thread_blocked, id=10128, stack(0x000000ef7a400000,0x000000ef7a500000)]
  0x000001f77c6cecf0 JavaThread "Service Thread" daemon [_thread_blocked, id=6240, stack(0x000000ef7a500000,0x000000ef7a600000)]
  0x000001f77c6cf620 JavaThread "Monitor Deflation Thread" daemon [_thread_blocked, id=11232, stack(0x000000ef7a600000,0x000000ef7a700000)]
=>0x000001f77c6d8dc0 JavaThread "C2 CompilerThread0" daemon [_thread_in_native, id=1108, stack(0x000000ef7a700000,0x000000ef7a800000)]
  0x000001f77c6e1740 JavaThread "C1 CompilerThread0" daemon [_thread_blocked, id=21988, stack(0x000000ef7a800000,0x000000ef7a900000)]
  0x000001f77c6e20b0 JavaThread "Sweeper thread" daemon [_thread_blocked, id=13996, stack(0x000000ef7a900000,0x000000ef7aa00000)]
  0x000001f77cf40380 JavaThread "Common-Cleaner" daemon [_thread_blocked, id=21344, stack(0x000000ef7aa00000,0x000000ef7ab00000)]
  0x000001f77d2cb960 JavaThread "Monitor Ctrl-Break" daemon [_thread_in_native, id=19112, stack(0x000000ef7ac00000,0x000000ef7ad00000)]
  0x000001f77d138880 JavaThread "Notification Thread" daemon [_thread_blocked, id=23088, stack(0x000000ef7ad00000,0x000000ef7ae00000)]
  0x000001f77f1865a0 JavaThread "mysql-cj-abandoned-connection-cleanup" daemon [_thread_blocked, id=22440, stack(0x000000ef7b900000,0x000000ef7ba00000)]
  0x000001f77f185b00 JavaThread "HikariPool-1 housekeeper" daemon [_thread_blocked, id=5564, stack(0x000000ef7bb00000,0x000000ef7bc00000)]
  0x000001f7048cc830 JavaThread "Catalina-utility-1" [_thread_blocked, id=7860, stack(0x000000ef7bd00000,0x000000ef7be00000)]
  0x000001f7048cd820 JavaThread "Catalina-utility-2" [_thread_blocked, id=4056, stack(0x000000ef7be00000,0x000000ef7bf00000)]
  0x000001f7048cb2f0 JavaThread "container-0" [_thread_blocked, id=14268, stack(0x000000ef7bf00000,0x000000ef7c000000)]
  0x000001f7048cbd90 JavaThread "File Watcher" daemon [_thread_blocked, id=20212, stack(0x000000ef7c000000,0x000000ef7c100000)]
  0x000001f7048cada0 JavaThread "Live Reload Server" daemon [_thread_in_native, id=20516, stack(0x000000ef7c200000,0x000000ef7c300000)]
  0x000001f7048ca850 JavaThread "http-nio-8080-exec-1" daemon [_thread_blocked, id=22316, stack(0x000000ef7c100000,0x000000ef7c200000)]
  0x000001f7048cb840 JavaThread "http-nio-8080-exec-2" daemon [_thread_blocked, id=18764, stack(0x000000ef7c300000,0x000000ef7c400000)]
  0x000001f7060dc780 JavaThread "http-nio-8080-exec-3" daemon [_thread_blocked, id=22188, stack(0x000000ef7c400000,0x000000ef7c500000)]
  0x000001f7060dc230 JavaThread "http-nio-8080-exec-4" daemon [_thread_blocked, id=21164, stack(0x000000ef7c500000,0x000000ef7c600000)]
  0x000001f7060dccd0 JavaThread "http-nio-8080-exec-5" daemon [_thread_blocked, id=8760, stack(0x000000ef7c600000,0x000000ef7c700000)]
  0x000001f7060dd220 JavaThread "http-nio-8080-exec-6" daemon [_thread_blocked, id=8664, stack(0x000000ef7c700000,0x000000ef7c800000)]
  0x000001f7060dd770 JavaThread "http-nio-8080-exec-7" daemon [_thread_blocked, id=20564, stack(0x000000ef7c800000,0x000000ef7c900000)]
  0x000001f7060de760 JavaThread "http-nio-8080-exec-8" daemon [_thread_blocked, id=4844, stack(0x000000ef7c900000,0x000000ef7ca00000)]
  0x000001f7060d97b0 JavaThread "http-nio-8080-exec-9" daemon [_thread_blocked, id=7292, stack(0x000000ef7ca00000,0x000000ef7cb00000)]
  0x000001f7060df200 JavaThread "http-nio-8080-exec-10" daemon [_thread_blocked, id=11420, stack(0x000000ef7cb00000,0x000000ef7cc00000)]
  0x000001f7060ddcc0 JavaThread "http-nio-8080-Poller" daemon [_thread_in_native, id=11156, stack(0x000000ef7cc00000,0x000000ef7cd00000)]
  0x000001f7060dfca0 JavaThread "http-nio-8080-Acceptor" daemon [_thread_in_native, id=16176, stack(0x000000ef7cd00000,0x000000ef7ce00000)]
  0x000001f7060da7a0 JavaThread "DestroyJavaVM" [_thread_blocked, id=9176, stack(0x000000ef79a00000,0x000000ef79b00000)]

Other Threads:
  0x000001f77c6ac800 VMThread "VM Thread" [stack: 0x000000ef7a000000,0x000000ef7a100000] [id=1636]
  0x000001f75e5a8060 WatcherThread "VM Periodic Task Thread" [stack: 0x000000ef7ae00000,0x000000ef7af00000] [id=8576]
  0x000001f75e606220 WorkerThread "GC Thread#0" [stack: 0x000000ef79b00000,0x000000ef79c00000] [id=21620]
  0x000001f77dcabb70 WorkerThread "GC Thread#1" [stack: 0x000000ef7b100000,0x000000ef7b200000] [id=18640]
  0x000001f77dcabe40 WorkerThread "GC Thread#2" [stack: 0x000000ef7b200000,0x000000ef7b300000] [id=4184]
  0x000001f77dcac110 WorkerThread "GC Thread#3" [stack: 0x000000ef7b300000,0x000000ef7b400000] [id=5908]
  0x000001f77dcf7310 WorkerThread "GC Thread#4" [stack: 0x000000ef7b400000,0x000000ef7b500000] [id=9640]
  0x000001f77dcf83f0 WorkerThread "GC Thread#5" [stack: 0x000000ef7b500000,0x000000ef7b600000] [id=9048]
  0x000001f77dcf7040 WorkerThread "GC Thread#6" [stack: 0x000000ef7b700000,0x000000ef7b800000] [id=17064]
  0x000001f77dcf86c0 WorkerThread "GC Thread#7" [stack: 0x000000ef7b800000,0x000000ef7b900000] [id=17624]
  0x000001f75e617fd0 ConcurrentGCThread "G1 Main Marker" [stack: 0x000000ef79c00000,0x000000ef79d00000] [id=5368]
  0x000001f75e6191a0 WorkerThread "G1 Conc#0" [stack: 0x000000ef79d00000,0x000000ef79e00000] [id=14020]
  0x000001f77dcf7e50 WorkerThread "G1 Conc#1" [stack: 0x000000ef7b600000,0x000000ef7b700000] [id=18924]
  0x000001f77c5653f0 ConcurrentGCThread "G1 Refine#0" [stack: 0x000000ef79e00000,0x000000ef79f00000] [id=9056]
  0x000001f75e65c920 ConcurrentGCThread "G1 Service" [stack: 0x000000ef79f00000,0x000000ef7a000000] [id=22068]

Threads with active compile tasks:
C2 CompilerThread0   126367 11026 %     4       java.util.concurrent.ConcurrentHashMap$CollectionView::toArray @ 72 (204 bytes)

VM state: not at safepoint (normal execution)

VM Mutex/Monitor currently owned by a thread: None

Heap address: 0x0000000082600000, size: 2010 MB, Compressed Oops mode: 32-bit

CDS archive(s) mapped at: [0x0000000800000000-0x0000000800c30000-0x0000000800c30000), size 12779520, SharedBaseAddress: 0x0000000800000000, ArchiveRelocationMode: 0.
Compressed class space mapped at: 0x0000000801000000-0x0000000841000000, reserved size: 1073741824
Narrow klass base: 0x0000000800000000, Narrow klass shift: 0, Narrow klass range: 0x100000000

GC Precious Log:
 CardTable entry size: 512
 Card Set container configuration: InlinePtr #cards 5 size 8 Array Of Cards #cards 12 size 40 Howl #buckets 4 coarsen threshold 1843 Howl Bitmap #cards 512 size 80 coarsen threshold 460 Card regions per heap region 1 cards per card region 2048
 CPUs: 8 total, 8 available
 Memory: 8033M
 Large Page Support: Disabled
 NUMA Support: Disabled
 Compressed Oops: Enabled (32-bit)
 Heap Region Size: 1M
 Heap Min Capacity: 8M
 Heap Initial Capacity: 126M
 Heap Max Capacity: 2010M
 Pre-touch: Disabled
 Parallel Workers: 8
 Concurrent Workers: 2
 Concurrent Refinement Workers: 8
 Periodic GC: Disabled

Heap:
 garbage-first heap   total 192512K, used 76081K [0x0000000082600000, 0x0000000100000000)
  region size 1024K, 30 young (30720K), 8 survivors (8192K)
 Metaspace       used 77109K, committed 77824K, reserved 1179648K
  class space    used 10210K, committed 10560K, reserved 1048576K

Heap Regions: E=young(eden), S=young(survivor), O=old, HS=humongous(starts), HC=humongous(continues), CS=collection set, F=free, OA=open archive, CA=closed archive, TAMS=top-at-mark-start (previous, next)
|   0|0x0000000082600000, 0x0000000082700000, 0x0000000082700000|100%|HS|  |TAMS 0x0000000082700000, 0x0000000082600000| Complete 
|   1|0x0000000082700000, 0x0000000082800000, 0x0000000082800000|100%| O|  |TAMS 0x0000000082800000, 0x0000000082700000| Untracked 
|   2|0x0000000082800000, 0x0000000082900000, 0x0000000082900000|100%| O|  |TAMS 0x0000000082900000, 0x0000000082800000| Untracked 
|   3|0x0000000082900000, 0x0000000082a00000, 0x0000000082a00000|100%| O|  |TAMS 0x0000000082a00000, 0x0000000082900000| Untracked 
|   4|0x0000000082a00000, 0x0000000082b00000, 0x0000000082b00000|100%| O|  |TAMS 0x0000000082b00000, 0x0000000082a00000| Untracked 
|   5|0x0000000082b00000, 0x0000000082c00000, 0x0000000082c00000|100%| O|  |TAMS 0x0000000082c00000, 0x0000000082b00000| Untracked 
|   6|0x0000000082c00000, 0x0000000082d00000, 0x0000000082d00000|100%| O|  |TAMS 0x0000000082d00000, 0x0000000082c00000| Untracked 
|   7|0x0000000082d00000, 0x0000000082e00000, 0x0000000082e00000|100%| O|  |TAMS 0x0000000082e00000, 0x0000000082d00000| Untracked 
|   8|0x0000000082e00000, 0x0000000082f00000, 0x0000000082f00000|100%| O|  |TAMS 0x0000000082f00000, 0x0000000082e00000| Untracked 
|   9|0x0000000082f00000, 0x0000000083000000, 0x0000000083000000|100%| O|  |TAMS 0x0000000083000000, 0x0000000082f00000| Untracked 
|  10|0x0000000083000000, 0x0000000083100000, 0x0000000083100000|100%| O|  |TAMS 0x0000000083100000, 0x0000000083000000| Untracked 
|  11|0x0000000083100000, 0x0000000083200000, 0x0000000083200000|100%| O|  |TAMS 0x0000000083200000, 0x0000000083100000| Untracked 
|  12|0x0000000083200000, 0x0000000083300000, 0x0000000083300000|100%| O|  |TAMS 0x0000000083300000, 0x0000000083200000| Untracked 
|  13|0x0000000083300000, 0x0000000083400000, 0x0000000083400000|100%| O|  |TAMS 0x0000000083400000, 0x0000000083300000| Untracked 
|  14|0x0000000083400000, 0x0000000083500000, 0x0000000083500000|100%| O|  |TAMS 0x0000000083500000, 0x0000000083400000| Untracked 
|  15|0x0000000083500000, 0x0000000083600000, 0x0000000083600000|100%| O|  |TAMS 0x0000000083500000, 0x0000000083500000| Untracked 
|  16|0x0000000083600000, 0x0000000083700000, 0x0000000083700000|100%| O|  |TAMS 0x0000000083700000, 0x0000000083600000| Untracked 
|  17|0x0000000083700000, 0x0000000083800000, 0x0000000083800000|100%| O|  |TAMS 0x0000000083800000, 0x0000000083700000| Untracked 
|  18|0x0000000083800000, 0x0000000083900000, 0x0000000083900000|100%| O|  |TAMS 0x0000000083900000, 0x0000000083800000| Untracked 
|  19|0x0000000083900000, 0x0000000083a00000, 0x0000000083a00000|100%| O|  |TAMS 0x0000000083a00000, 0x0000000083900000| Untracked 
|  20|0x0000000083a00000, 0x0000000083b00000, 0x0000000083b00000|100%| O|  |TAMS 0x0000000083b00000, 0x0000000083a00000| Untracked 
|  21|0x0000000083b00000, 0x0000000083c00000, 0x0000000083c00000|100%| O|  |TAMS 0x0000000083b8c600, 0x0000000083b00000| Untracked 
|  22|0x0000000083c00000, 0x0000000083d00000, 0x0000000083d00000|100%| O|  |TAMS 0x0000000083c00000, 0x0000000083c00000| Untracked 
|  23|0x0000000083d00000, 0x0000000083e00000, 0x0000000083e00000|100%| O|  |TAMS 0x0000000083d00000, 0x0000000083d00000| Untracked 
|  24|0x0000000083e00000, 0x0000000083f00000, 0x0000000083f00000|100%| O|  |TAMS 0x0000000083e00000, 0x0000000083e00000| Untracked 
|  25|0x0000000083f00000, 0x0000000084000000, 0x0000000084000000|100%| O|  |TAMS 0x0000000083f00000, 0x0000000083f00000| Untracked 
|  26|0x0000000084000000, 0x0000000084100000, 0x0000000084100000|100%| O|  |TAMS 0x0000000084000000, 0x0000000084000000| Untracked 
|  27|0x0000000084100000, 0x0000000084200000, 0x0000000084200000|100%| O|  |TAMS 0x0000000084100000, 0x0000000084100000| Untracked 
|  28|0x0000000084200000, 0x0000000084300000, 0x0000000084300000|100%| O|  |TAMS 0x0000000084200000, 0x0000000084200000| Untracked 
|  29|0x0000000084300000, 0x0000000084400000, 0x0000000084400000|100%| O|  |TAMS 0x0000000084300000, 0x0000000084300000| Untracked 
|  30|0x0000000084400000, 0x0000000084500000, 0x0000000084500000|100%| O|  |TAMS 0x0000000084400000, 0x0000000084400000| Untracked 
|  31|0x0000000084500000, 0x0000000084600000, 0x0000000084600000|100%| O|  |TAMS 0x0000000084500000, 0x0000000084500000| Untracked 
|  32|0x0000000084600000, 0x0000000084700000, 0x0000000084700000|100%| O|  |TAMS 0x0000000084600000, 0x0000000084600000| Untracked 
|  33|0x0000000084700000, 0x0000000084800000, 0x0000000084800000|100%| O|  |TAMS 0x0000000084700000, 0x0000000084700000| Untracked 
|  34|0x0000000084800000, 0x0000000084900000, 0x0000000084900000|100%| O|  |TAMS 0x0000000084800000, 0x0000000084800000| Untracked 
|  35|0x0000000084900000, 0x0000000084a00000, 0x0000000084a00000|100%| O|  |TAMS 0x0000000084900000, 0x0000000084900000| Untracked 
|  36|0x0000000084a00000, 0x0000000084b00000, 0x0000000084b00000|100%| O|  |TAMS 0x0000000084a00000, 0x0000000084a00000| Untracked 
|  37|0x0000000084b00000, 0x0000000084c00000, 0x0000000084c00000|100%| O|  |TAMS 0x0000000084b00000, 0x0000000084b00000| Untracked 
|  38|0x0000000084c00000, 0x0000000084d00000, 0x0000000084d00000|100%| O|  |TAMS 0x0000000084c00000, 0x0000000084c00000| Untracked 
|  39|0x0000000084d00000, 0x0000000084e00000, 0x0000000084e00000|100%| O|  |TAMS 0x0000000084d00000, 0x0000000084d00000| Untracked 
|  40|0x0000000084e00000, 0x0000000084f00000, 0x0000000084f00000|100%| O|  |TAMS 0x0000000084e00000, 0x0000000084e00000| Untracked 
|  41|0x0000000084f00000, 0x0000000085000000, 0x0000000085000000|100%| O|  |TAMS 0x0000000084f00000, 0x0000000084f00000| Untracked 
|  42|0x0000000085000000, 0x0000000085100000, 0x0000000085100000|100%| O|  |TAMS 0x0000000085000000, 0x0000000085000000| Untracked 
|  43|0x0000000085100000, 0x0000000085200000, 0x0000000085200000|100%| O|  |TAMS 0x0000000085100000, 0x0000000085100000| Untracked 
|  44|0x0000000085200000, 0x0000000085300000, 0x0000000085300000|100%| O|  |TAMS 0x0000000085200000, 0x0000000085200000| Untracked 
|  45|0x0000000085300000, 0x00000000853a7000, 0x0000000085400000| 65%| O|  |TAMS 0x0000000085300000, 0x0000000085300000| Untracked 
|  46|0x0000000085400000, 0x0000000085400000, 0x0000000085500000|  0%| F|  |TAMS 0x0000000085400000, 0x0000000085400000| Untracked 
|  47|0x0000000085500000, 0x0000000085500000, 0x0000000085600000|  0%| F|  |TAMS 0x0000000085500000, 0x0000000085500000| Untracked 
|  48|0x0000000085600000, 0x0000000085600000, 0x0000000085700000|  0%| F|  |TAMS 0x0000000085600000, 0x0000000085600000| Untracked 
|  49|0x0000000085700000, 0x0000000085700000, 0x0000000085800000|  0%| F|  |TAMS 0x0000000085700000, 0x0000000085700000| Untracked 
|  50|0x0000000085800000, 0x0000000085800000, 0x0000000085900000|  0%| F|  |TAMS 0x0000000085800000, 0x0000000085800000| Untracked 
|  51|0x0000000085900000, 0x0000000085900000, 0x0000000085a00000|  0%| F|  |TAMS 0x0000000085900000, 0x0000000085900000| Untracked 
|  52|0x0000000085a00000, 0x0000000085a00000, 0x0000000085b00000|  0%| F|  |TAMS 0x0000000085a00000, 0x0000000085a00000| Untracked 
|  53|0x0000000085b00000, 0x0000000085b00000, 0x0000000085c00000|  0%| F|  |TAMS 0x0000000085b00000, 0x0000000085b00000| Untracked 
|  54|0x0000000085c00000, 0x0000000085c00000, 0x0000000085d00000|  0%| F|  |TAMS 0x0000000085c00000, 0x0000000085c00000| Untracked 
|  55|0x0000000085d00000, 0x0000000085d00000, 0x0000000085e00000|  0%| F|  |TAMS 0x0000000085d00000, 0x0000000085d00000| Untracked 
|  56|0x0000000085e00000, 0x0000000085e00000, 0x0000000085f00000|  0%| F|  |TAMS 0x0000000085e00000, 0x0000000085e00000| Untracked 
|  57|0x0000000085f00000, 0x0000000085f00000, 0x0000000086000000|  0%| F|  |TAMS 0x0000000085f00000, 0x0000000085f00000| Untracked 
|  58|0x0000000086000000, 0x0000000086000000, 0x0000000086100000|  0%| F|  |TAMS 0x0000000086000000, 0x0000000086000000| Untracked 
|  59|0x0000000086100000, 0x0000000086100000, 0x0000000086200000|  0%| F|  |TAMS 0x0000000086100000, 0x0000000086100000| Untracked 
|  60|0x0000000086200000, 0x0000000086200000, 0x0000000086300000|  0%| F|  |TAMS 0x0000000086200000, 0x0000000086200000| Untracked 
|  61|0x0000000086300000, 0x0000000086300000, 0x0000000086400000|  0%| F|  |TAMS 0x0000000086300000, 0x0000000086300000| Untracked 
|  62|0x0000000086400000, 0x0000000086400000, 0x0000000086500000|  0%| F|  |TAMS 0x0000000086400000, 0x0000000086400000| Untracked 
|  63|0x0000000086500000, 0x0000000086500000, 0x0000000086600000|  0%| F|  |TAMS 0x0000000086500000, 0x0000000086500000| Untracked 
|  64|0x0000000086600000, 0x0000000086600000, 0x0000000086700000|  0%| F|  |TAMS 0x0000000086600000, 0x0000000086600000| Untracked 
|  65|0x0000000086700000, 0x0000000086700000, 0x0000000086800000|  0%| F|  |TAMS 0x0000000086700000, 0x0000000086700000| Untracked 
|  66|0x0000000086800000, 0x0000000086800000, 0x0000000086900000|  0%| F|  |TAMS 0x0000000086800000, 0x0000000086800000| Untracked 
|  67|0x0000000086900000, 0x0000000086900000, 0x0000000086a00000|  0%| F|  |TAMS 0x0000000086900000, 0x0000000086900000| Untracked 
|  68|0x0000000086a00000, 0x0000000086a00000, 0x0000000086b00000|  0%| F|  |TAMS 0x0000000086a00000, 0x0000000086a00000| Untracked 
|  69|0x0000000086b00000, 0x0000000086ba55c0, 0x0000000086c00000| 64%| S|CS|TAMS 0x0000000086b00000, 0x0000000086b00000| Complete 
|  70|0x0000000086c00000, 0x0000000086d00000, 0x0000000086d00000|100%| S|CS|TAMS 0x0000000086c00000, 0x0000000086c00000| Complete 
|  71|0x0000000086d00000, 0x0000000086e00000, 0x0000000086e00000|100%| S|CS|TAMS 0x0000000086d00000, 0x0000000086d00000| Complete 
|  72|0x0000000086e00000, 0x0000000086f00000, 0x0000000086f00000|100%| S|CS|TAMS 0x0000000086e00000, 0x0000000086e00000| Complete 
|  73|0x0000000086f00000, 0x0000000087000000, 0x0000000087000000|100%| S|CS|TAMS 0x0000000086f00000, 0x0000000086f00000| Complete 
|  74|0x0000000087000000, 0x0000000087000000, 0x0000000087100000|  0%| F|  |TAMS 0x0000000087000000, 0x0000000087000000| Untracked 
|  75|0x0000000087100000, 0x0000000087100000, 0x0000000087200000|  0%| F|  |TAMS 0x0000000087100000, 0x0000000087100000| Untracked 
|  76|0x0000000087200000, 0x0000000087300000, 0x0000000087300000|100%| S|CS|TAMS 0x0000000087200000, 0x0000000087200000| Complete 
|  77|0x0000000087300000, 0x0000000087400000, 0x0000000087400000|100%| S|CS|TAMS 0x0000000087300000, 0x0000000087300000| Complete 
|  78|0x0000000087400000, 0x0000000087400000, 0x0000000087500000|  0%| F|  |TAMS 0x0000000087400000, 0x0000000087400000| Untracked 
|  79|0x0000000087500000, 0x0000000087500000, 0x0000000087600000|  0%| F|  |TAMS 0x0000000087500000, 0x0000000087500000| Untracked 
|  80|0x0000000087600000, 0x0000000087600000, 0x0000000087700000|  0%| F|  |TAMS 0x0000000087600000, 0x0000000087600000| Untracked 
|  81|0x0000000087700000, 0x0000000087700000, 0x0000000087800000|  0%| F|  |TAMS 0x0000000087700000, 0x0000000087700000| Untracked 
|  82|0x0000000087800000, 0x0000000087800000, 0x0000000087900000|  0%| F|  |TAMS 0x0000000087800000, 0x0000000087800000| Untracked 
|  83|0x0000000087900000, 0x0000000087a00000, 0x0000000087a00000|100%| S|CS|TAMS 0x0000000087900000, 0x0000000087900000| Complete 
|  84|0x0000000087a00000, 0x0000000087a00000, 0x0000000087b00000|  0%| F|  |TAMS 0x0000000087a00000, 0x0000000087a00000| Untracked 
|  85|0x0000000087b00000, 0x0000000087b00000, 0x0000000087c00000|  0%| F|  |TAMS 0x0000000087b00000, 0x0000000087b00000| Untracked 
|  86|0x0000000087c00000, 0x0000000087c00000, 0x0000000087d00000|  0%| F|  |TAMS 0x0000000087c00000, 0x0000000087c00000| Untracked 
|  87|0x0000000087d00000, 0x0000000087d00000, 0x0000000087e00000|  0%| F|  |TAMS 0x0000000087d00000, 0x0000000087d00000| Untracked 
|  88|0x0000000087e00000, 0x0000000087e00000, 0x0000000087f00000|  0%| F|  |TAMS 0x0000000087e00000, 0x0000000087e00000| Untracked 
|  89|0x0000000087f00000, 0x0000000087f00000, 0x0000000088000000|  0%| F|  |TAMS 0x0000000087f00000, 0x0000000087f00000| Untracked 
|  90|0x0000000088000000, 0x0000000088000000, 0x0000000088100000|  0%| F|  |TAMS 0x0000000088000000, 0x0000000088000000| Untracked 
|  91|0x0000000088100000, 0x0000000088100000, 0x0000000088200000|  0%| F|  |TAMS 0x0000000088100000, 0x0000000088100000| Untracked 
|  92|0x0000000088200000, 0x0000000088200000, 0x0000000088300000|  0%| F|  |TAMS 0x0000000088200000, 0x0000000088200000| Untracked 
|  93|0x0000000088300000, 0x0000000088300000, 0x0000000088400000|  0%| F|  |TAMS 0x0000000088300000, 0x0000000088300000| Untracked 
|  94|0x0000000088400000, 0x0000000088400000, 0x0000000088500000|  0%| F|  |TAMS 0x0000000088400000, 0x0000000088400000| Untracked 
|  95|0x0000000088500000, 0x0000000088500000, 0x0000000088600000|  0%| F|  |TAMS 0x0000000088500000, 0x0000000088500000| Untracked 
|  96|0x0000000088600000, 0x0000000088600000, 0x0000000088700000|  0%| F|  |TAMS 0x0000000088600000, 0x0000000088600000| Untracked 
|  97|0x0000000088700000, 0x0000000088700000, 0x0000000088800000|  0%| F|  |TAMS 0x0000000088700000, 0x0000000088700000| Untracked 
|  98|0x0000000088800000, 0x0000000088800000, 0x0000000088900000|  0%| F|  |TAMS 0x0000000088800000, 0x0000000088800000| Untracked 
|  99|0x0000000088900000, 0x0000000088900000, 0x0000000088a00000|  0%| F|  |TAMS 0x0000000088900000, 0x0000000088900000| Untracked 
| 100|0x0000000088a00000, 0x0000000088a00000, 0x0000000088b00000|  0%| F|  |TAMS 0x0000000088a00000, 0x0000000088a00000| Untracked 
| 101|0x0000000088b00000, 0x0000000088b00000, 0x0000000088c00000|  0%| F|  |TAMS 0x0000000088b00000, 0x0000000088b00000| Untracked 
| 102|0x0000000088c00000, 0x0000000088c00000, 0x0000000088d00000|  0%| F|  |TAMS 0x0000000088c00000, 0x0000000088c00000| Untracked 
| 103|0x0000000088d00000, 0x0000000088d00000, 0x0000000088e00000|  0%| F|  |TAMS 0x0000000088d00000, 0x0000000088d00000| Untracked 
| 104|0x0000000088e00000, 0x0000000088e00000, 0x0000000088f00000|  0%| F|  |TAMS 0x0000000088e00000, 0x0000000088e00000| Untracked 
| 105|0x0000000088f00000, 0x0000000088f00000, 0x0000000089000000|  0%| F|  |TAMS 0x0000000088f00000, 0x0000000088f00000| Untracked 
| 106|0x0000000089000000, 0x0000000089000000, 0x0000000089100000|  0%| F|  |TAMS 0x0000000089000000, 0x0000000089000000| Untracked 
| 107|0x0000000089100000, 0x0000000089100000, 0x0000000089200000|  0%| F|  |TAMS 0x0000000089100000, 0x0000000089100000| Untracked 
| 108|0x0000000089200000, 0x0000000089200000, 0x0000000089300000|  0%| F|  |TAMS 0x0000000089200000, 0x0000000089200000| Untracked 
| 109|0x0000000089300000, 0x0000000089300000, 0x0000000089400000|  0%| F|  |TAMS 0x0000000089300000, 0x0000000089300000| Untracked 
| 110|0x0000000089400000, 0x0000000089400000, 0x0000000089500000|  0%| F|  |TAMS 0x0000000089400000, 0x0000000089400000| Untracked 
| 111|0x0000000089500000, 0x0000000089500000, 0x0000000089600000|  0%| F|  |TAMS 0x0000000089500000, 0x0000000089500000| Untracked 
| 112|0x0000000089600000, 0x0000000089600000, 0x0000000089700000|  0%| F|  |TAMS 0x0000000089600000, 0x0000000089600000| Untracked 
| 113|0x0000000089700000, 0x0000000089700000, 0x0000000089800000|  0%| F|  |TAMS 0x0000000089700000, 0x0000000089700000| Untracked 
| 114|0x0000000089800000, 0x0000000089800000, 0x0000000089900000|  0%| F|  |TAMS 0x0000000089800000, 0x0000000089800000| Untracked 
| 115|0x0000000089900000, 0x0000000089900000, 0x0000000089a00000|  0%| F|  |TAMS 0x0000000089900000, 0x0000000089900000| Untracked 
| 116|0x0000000089a00000, 0x0000000089a00000, 0x0000000089b00000|  0%| F|  |TAMS 0x0000000089a00000, 0x0000000089a00000| Untracked 
| 117|0x0000000089b00000, 0x0000000089b00000, 0x0000000089c00000|  0%| F|  |TAMS 0x0000000089b00000, 0x0000000089b00000| Untracked 
| 118|0x0000000089c00000, 0x0000000089c00000, 0x0000000089d00000|  0%| F|  |TAMS 0x0000000089c00000, 0x0000000089c00000| Untracked 
| 119|0x0000000089d00000, 0x0000000089d00000, 0x0000000089e00000|  0%| F|  |TAMS 0x0000000089d00000, 0x0000000089d00000| Untracked 
| 120|0x0000000089e00000, 0x0000000089e00000, 0x0000000089f00000|  0%| F|  |TAMS 0x0000000089e00000, 0x0000000089e00000| Untracked 
| 121|0x0000000089f00000, 0x0000000089f00000, 0x000000008a000000|  0%| F|  |TAMS 0x0000000089f00000, 0x0000000089f00000| Untracked 
| 122|0x000000008a000000, 0x000000008a000000, 0x000000008a100000|  0%| F|  |TAMS 0x000000008a000000, 0x000000008a000000| Untracked 
| 123|0x000000008a100000, 0x000000008a100000, 0x000000008a200000|  0%| F|  |TAMS 0x000000008a100000, 0x000000008a100000| Untracked 
| 124|0x000000008a200000, 0x000000008a200000, 0x000000008a300000|  0%| F|  |TAMS 0x000000008a200000, 0x000000008a200000| Untracked 
| 125|0x000000008a300000, 0x000000008a300000, 0x000000008a400000|  0%| F|  |TAMS 0x000000008a300000, 0x000000008a300000| Untracked 
| 126|0x000000008a400000, 0x000000008a400000, 0x000000008a500000|  0%| F|  |TAMS 0x000000008a400000, 0x000000008a400000| Untracked 
| 127|0x000000008a500000, 0x000000008a500000, 0x000000008a600000|  0%| F|  |TAMS 0x000000008a500000, 0x000000008a500000| Untracked 
| 128|0x000000008a600000, 0x000000008a600000, 0x000000008a700000|  0%| F|  |TAMS 0x000000008a600000, 0x000000008a600000| Untracked 
| 129|0x000000008a700000, 0x000000008a700000, 0x000000008a800000|  0%| F|  |TAMS 0x000000008a700000, 0x000000008a700000| Untracked 
| 130|0x000000008a800000, 0x000000008a800000, 0x000000008a900000|  0%| F|  |TAMS 0x000000008a800000, 0x000000008a800000| Untracked 
| 131|0x000000008a900000, 0x000000008a900000, 0x000000008aa00000|  0%| F|  |TAMS 0x000000008a900000, 0x000000008a900000| Untracked 
| 132|0x000000008aa00000, 0x000000008aa00000, 0x000000008ab00000|  0%| F|  |TAMS 0x000000008aa00000, 0x000000008aa00000| Untracked 
| 133|0x000000008ab00000, 0x000000008ab00000, 0x000000008ac00000|  0%| F|  |TAMS 0x000000008ab00000, 0x000000008ab00000| Untracked 
| 134|0x000000008ac00000, 0x000000008ac00000, 0x000000008ad00000|  0%| F|  |TAMS 0x000000008ac00000, 0x000000008ac00000| Untracked 
| 135|0x000000008ad00000, 0x000000008ad00000, 0x000000008ae00000|  0%| F|  |TAMS 0x000000008ad00000, 0x000000008ad00000| Untracked 
| 136|0x000000008ae00000, 0x000000008ae00000, 0x000000008af00000|  0%| F|  |TAMS 0x000000008ae00000, 0x000000008ae00000| Untracked 
| 137|0x000000008af00000, 0x000000008af00000, 0x000000008b000000|  0%| F|  |TAMS 0x000000008af00000, 0x000000008af00000| Untracked 
| 138|0x000000008b000000, 0x000000008b000000, 0x000000008b100000|  0%| F|  |TAMS 0x000000008b000000, 0x000000008b000000| Untracked 
| 139|0x000000008b100000, 0x000000008b100000, 0x000000008b200000|  0%| F|  |TAMS 0x000000008b100000, 0x000000008b100000| Untracked 
| 140|0x000000008b200000, 0x000000008b200000, 0x000000008b300000|  0%| F|  |TAMS 0x000000008b200000, 0x000000008b200000| Untracked 
| 141|0x000000008b300000, 0x000000008b300000, 0x000000008b400000|  0%| F|  |TAMS 0x000000008b300000, 0x000000008b300000| Untracked 
| 142|0x000000008b400000, 0x000000008b400000, 0x000000008b500000|  0%| F|  |TAMS 0x000000008b400000, 0x000000008b400000| Untracked 
| 143|0x000000008b500000, 0x000000008b500000, 0x000000008b600000|  0%| F|  |TAMS 0x000000008b500000, 0x000000008b500000| Untracked 
| 144|0x000000008b600000, 0x000000008b600000, 0x000000008b700000|  0%| F|  |TAMS 0x000000008b600000, 0x000000008b600000| Untracked 
| 145|0x000000008b700000, 0x000000008b700000, 0x000000008b800000|  0%| F|  |TAMS 0x000000008b700000, 0x000000008b700000| Untracked 
| 146|0x000000008b800000, 0x000000008b800000, 0x000000008b900000|  0%| F|  |TAMS 0x000000008b800000, 0x000000008b800000| Untracked 
| 147|0x000000008b900000, 0x000000008b900000, 0x000000008ba00000|  0%| F|  |TAMS 0x000000008b900000, 0x000000008b900000| Untracked 
| 148|0x000000008ba00000, 0x000000008ba00000, 0x000000008bb00000|  0%| F|  |TAMS 0x000000008ba00000, 0x000000008ba00000| Untracked 
| 149|0x000000008bb00000, 0x000000008bb00000, 0x000000008bc00000|  0%| F|  |TAMS 0x000000008bb00000, 0x000000008bb00000| Untracked 
| 150|0x000000008bc00000, 0x000000008bc00000, 0x000000008bd00000|  0%| F|  |TAMS 0x000000008bc00000, 0x000000008bc00000| Untracked 
| 151|0x000000008bd00000, 0x000000008bd00000, 0x000000008be00000|  0%| F|  |TAMS 0x000000008bd00000, 0x000000008bd00000| Untracked 
| 152|0x000000008be00000, 0x000000008be00000, 0x000000008bf00000|  0%| F|  |TAMS 0x000000008be00000, 0x000000008be00000| Untracked 
| 153|0x000000008bf00000, 0x000000008bf00000, 0x000000008c000000|  0%| F|  |TAMS 0x000000008bf00000, 0x000000008bf00000| Untracked 
| 154|0x000000008c000000, 0x000000008c000000, 0x000000008c100000|  0%| F|  |TAMS 0x000000008c000000, 0x000000008c000000| Untracked 
| 155|0x000000008c100000, 0x000000008c100000, 0x000000008c200000|  0%| F|  |TAMS 0x000000008c100000, 0x000000008c100000| Untracked 
| 156|0x000000008c200000, 0x000000008c200000, 0x000000008c300000|  0%| F|  |TAMS 0x000000008c200000, 0x000000008c200000| Untracked 
| 157|0x000000008c300000, 0x000000008c300000, 0x000000008c400000|  0%| F|  |TAMS 0x000000008c300000, 0x000000008c300000| Untracked 
| 158|0x000000008c400000, 0x000000008c400000, 0x000000008c500000|  0%| F|  |TAMS 0x000000008c400000, 0x000000008c400000| Untracked 
| 159|0x000000008c500000, 0x000000008c500000, 0x000000008c600000|  0%| F|  |TAMS 0x000000008c500000, 0x000000008c500000| Untracked 
| 160|0x000000008c600000, 0x000000008c600000, 0x000000008c700000|  0%| F|  |TAMS 0x000000008c600000, 0x000000008c600000| Untracked 
| 161|0x000000008c700000, 0x000000008c700000, 0x000000008c800000|  0%| F|  |TAMS 0x000000008c700000, 0x000000008c700000| Untracked 
| 162|0x000000008c800000, 0x000000008c800000, 0x000000008c900000|  0%| F|  |TAMS 0x000000008c800000, 0x000000008c800000| Untracked 
| 163|0x000000008c900000, 0x000000008c900000, 0x000000008ca00000|  0%| F|  |TAMS 0x000000008c900000, 0x000000008c900000| Untracked 
| 164|0x000000008ca00000, 0x000000008ca00000, 0x000000008cb00000|  0%| F|  |TAMS 0x000000008ca00000, 0x000000008ca00000| Untracked 
| 165|0x000000008cb00000, 0x000000008cb00000, 0x000000008cc00000|  0%| F|  |TAMS 0x000000008cb00000, 0x000000008cb00000| Untracked 
| 166|0x000000008cc00000, 0x000000008cc270d8, 0x000000008cd00000| 15%| E|  |TAMS 0x000000008cc00000, 0x000000008cc00000| Complete 
| 167|0x000000008cd00000, 0x000000008ce00000, 0x000000008ce00000|100%| E|CS|TAMS 0x000000008cd00000, 0x000000008cd00000| Complete 
| 168|0x000000008ce00000, 0x000000008cf00000, 0x000000008cf00000|100%| E|CS|TAMS 0x000000008ce00000, 0x000000008ce00000| Complete 
| 169|0x000000008cf00000, 0x000000008d000000, 0x000000008d000000|100%| E|CS|TAMS 0x000000008cf00000, 0x000000008cf00000| Complete 
| 170|0x000000008d000000, 0x000000008d100000, 0x000000008d100000|100%| E|CS|TAMS 0x000000008d000000, 0x000000008d000000| Complete 
| 171|0x000000008d100000, 0x000000008d200000, 0x000000008d200000|100%| E|CS|TAMS 0x000000008d100000, 0x000000008d100000| Complete 
| 172|0x000000008d200000, 0x000000008d300000, 0x000000008d300000|100%| E|CS|TAMS 0x000000008d200000, 0x000000008d200000| Complete 
| 173|0x000000008d300000, 0x000000008d400000, 0x000000008d400000|100%| E|CS|TAMS 0x000000008d300000, 0x000000008d300000| Complete 
| 174|0x000000008d400000, 0x000000008d500000, 0x000000008d500000|100%| E|CS|TAMS 0x000000008d400000, 0x000000008d400000| Complete 
| 175|0x000000008d500000, 0x000000008d600000, 0x000000008d600000|100%| E|CS|TAMS 0x000000008d500000, 0x000000008d500000| Complete 
| 176|0x000000008d600000, 0x000000008d700000, 0x000000008d700000|100%| E|CS|TAMS 0x000000008d600000, 0x000000008d600000| Complete 
| 177|0x000000008d700000, 0x000000008d800000, 0x000000008d800000|100%| E|CS|TAMS 0x000000008d700000, 0x000000008d700000| Complete 
| 178|0x000000008d800000, 0x000000008d900000, 0x000000008d900000|100%| E|CS|TAMS 0x000000008d800000, 0x000000008d800000| Complete 
| 179|0x000000008d900000, 0x000000008da00000, 0x000000008da00000|100%| E|CS|TAMS 0x000000008d900000, 0x000000008d900000| Complete 
| 180|0x000000008da00000, 0x000000008db00000, 0x000000008db00000|100%| E|CS|TAMS 0x000000008da00000, 0x000000008da00000| Complete 
| 181|0x000000008db00000, 0x000000008dc00000, 0x000000008dc00000|100%| E|CS|TAMS 0x000000008db00000, 0x000000008db00000| Complete 
| 182|0x000000008dc00000, 0x000000008dd00000, 0x000000008dd00000|100%| E|CS|TAMS 0x000000008dc00000, 0x000000008dc00000| Complete 
| 183|0x000000008dd00000, 0x000000008de00000, 0x000000008de00000|100%| E|CS|TAMS 0x000000008dd00000, 0x000000008dd00000| Complete 
| 184|0x000000008de00000, 0x000000008df00000, 0x000000008df00000|100%| E|CS|TAMS 0x000000008de00000, 0x000000008de00000| Complete 
| 185|0x000000008df00000, 0x000000008e000000, 0x000000008e000000|100%| E|CS|TAMS 0x000000008df00000, 0x000000008df00000| Complete 
| 186|0x000000008e000000, 0x000000008e100000, 0x000000008e100000|100%| E|CS|TAMS 0x000000008e000000, 0x000000008e000000| Complete 
| 187|0x000000008e100000, 0x000000008e200000, 0x000000008e200000|100%| E|CS|TAMS 0x000000008e100000, 0x000000008e100000| Complete 

Card table byte_map: [0x000001f775c10000,0x000001f776000000] _byte_map_base: 0x000001f7757fd000

Marking Bits (Prev, Next): (CMBitMap*) 0x000001f75e6078a0, (CMBitMap*) 0x000001f75e607860
 Prev Bits: [0x000001f778360000, 0x000001f77a2c8000)
 Next Bits: [0x000001f7763f0000, 0x000001f778358000)

Polling page: 0x000001f75c470000

Metaspace:

Usage:
  Non-class:     65.33 MB used.
      Class:      9.97 MB used.
       Both:     75.30 MB used.

Virtual space:
  Non-class space:      128.00 MB reserved,      65.69 MB ( 51%) committed,  2 nodes.
      Class space:        1.00 GB reserved,      10.31 MB (  1%) committed,  1 nodes.
             Both:        1.12 GB reserved,      76.00 MB (  7%) committed. 

Chunk freelists:
   Non-Class:  1.69 MB
       Class:  1.73 MB
        Both:  3.42 MB

MaxMetaspaceSize: unlimited
CompressedClassSpaceSize: 1.00 GB
Initial GC threshold: 21.00 MB
Current GC threshold: 98.88 MB
CDS: on
MetaspaceReclaimPolicy: balanced
 - commit_granule_bytes: 65536.
 - commit_granule_words: 8192.
 - virtual_space_node_default_size: 8388608.
 - enlarge_chunks_in_place: 1.
 - new_chunks_are_fully_committed: 0.
 - uncommit_free_chunks: 1.
 - use_allocation_guard: 0.


Internal statistics:

num_allocs_failed_limit: 9.
num_arena_births: 1016.
num_arena_deaths: 0.
num_vsnodes_births: 3.
num_vsnodes_deaths: 0.
num_space_committed: 1216.
num_space_uncommitted: 0.
num_chunks_returned_to_freelist: 9.
num_chunks_taken_from_freelist: 3744.
num_chunk_merges: 9.
num_chunk_splits: 2779.
num_chunks_enlarged: 2292.
num_inconsistent_stats: 0.

CodeHeap 'non-profiled nmethods': size=120000Kb used=8847Kb max_used=8847Kb free=111152Kb
 bounds [0x000001f76dfc0000, 0x000001f76e870000, 0x000001f7754f0000]
CodeHeap 'profiled nmethods': size=120000Kb used=15020Kb max_used=17516Kb free=104979Kb
 bounds [0x000001f7664f0000, 0x000001f767640000, 0x000001f76da20000]
CodeHeap 'non-nmethods': size=5760Kb used=1455Kb max_used=1590Kb free=4304Kb
 bounds [0x000001f76da20000, 0x000001f76dc90000, 0x000001f76dfc0000]
 total_blobs=9236 nmethods=8523 adapters=622
 compilation: enabled
              stopped_count=0, restarted_count=0
 full_count=0

Compilation events (20 events):
Event: 109.974 Thread 0x000001f77c6e1740 11017 % !   3       org.apache.tomcat.util.net.NioEndpoint$Poller::run @ 0 (260 bytes)
Event: 109.976 Thread 0x000001f77c6e1740 nmethod 11017% 0x000001f767295d10 code [0x000001f767296140, 0x000001f767298058]
Event: 110.229 Thread 0x000001f77c6d8dc0 11018       4       java.io.File::<init> (78 bytes)
Event: 110.232 Thread 0x000001f77c6d8dc0 nmethod 11018 0x000001f76e863190 code [0x000001f76e863320, 0x000001f76e863548]
Event: 110.786 Thread 0x000001f77c6e1740 11019 % !   3       org.apache.tomcat.util.net.NioEndpoint$Poller::run @ 184 (260 bytes)
Event: 110.788 Thread 0x000001f77c6e1740 nmethod 11019% 0x000001f767214710 code [0x000001f767214b60, 0x000001f767216af8]
Event: 111.591 Thread 0x000001f77c6e1740 11020   !   3       org.apache.tomcat.util.net.NioEndpoint$Poller::run (260 bytes)
Event: 111.594 Thread 0x000001f77c6e1740 nmethod 11020 0x000001f76741e590 code [0x000001f76741e9c0, 0x000001f7674207f8]
Event: 116.297 Thread 0x000001f77c6e1740 11021       1       org.apache.catalina.webresources.CachedResource::getNextCheck (5 bytes)
Event: 116.297 Thread 0x000001f77c6e1740 nmethod 11021 0x000001f76e863690 code [0x000001f76e863820, 0x000001f76e8638f8]
Event: 118.958 Thread 0x000001f77c6e1740 11022       3       sun.util.calendar.AbstractCalendar::getDayOfWeekDateOnOrBefore (31 bytes)
Event: 118.958 Thread 0x000001f77c6e1740 nmethod 11022 0x000001f76678ee10 code [0x000001f76678efc0, 0x000001f76678f1a8]
Event: 121.963 Thread 0x000001f77c6e1740 11023       3       java.text.DateFormatSymbols::getProviderInstance (37 bytes)
Event: 121.963 Thread 0x000001f77c6e1740 nmethod 11023 0x000001f76655d610 code [0x000001f76655d800, 0x000001f76655dc18]
Event: 121.964 Thread 0x000001f77c6e1740 11024       3       java.util.Calendar::getFieldStrings (128 bytes)
Event: 121.965 Thread 0x000001f77c6e1740 nmethod 11024 0x000001f7671a7610 code [0x000001f7671a78e0, 0x000001f7671a8a98]
Event: 126.008 Thread 0x000001f77c6e1740 11025       1       java.util.TimeZone::getID (5 bytes)
Event: 126.008 Thread 0x000001f77c6e1740 nmethod 11025 0x000001f76e863990 code [0x000001f76e863b20, 0x000001f76e863bd8]
Event: 126.310 Thread 0x000001f77c6d8dc0 11026 %     4       java.util.concurrent.ConcurrentHashMap$CollectionView::toArray @ 72 (204 bytes)
Event: 126.326 Thread 0x000001f77c6e1740 11027 %     3       org.apache.catalina.session.ManagerBase::processExpires @ 56 (149 bytes)

GC Heap History (20 events):
Event: 89.357 GC heap before
{Heap before GC invocations=34 (full 0):
 garbage-first heap   total 192512K, used 157190K [0x0000000082600000, 0x0000000100000000)
  region size 1024K, 112 young (114688K), 7 survivors (7168K)
 Metaspace       used 77093K, committed 77824K, reserved 1179648K
  class space    used 10210K, committed 10560K, reserved 1048576K
}
Event: 89.364 GC heap after
{Heap after GC invocations=35 (full 0):
 garbage-first heap   total 192512K, used 50589K [0x0000000082600000, 0x0000000100000000)
  region size 1024K, 8 young (8192K), 8 survivors (8192K)
 Metaspace       used 77093K, committed 77824K, reserved 1179648K
  class space    used 10210K, committed 10560K, reserved 1048576K
}
Event: 94.832 GC heap before
{Heap before GC invocations=35 (full 0):
 garbage-first heap   total 192512K, used 157085K [0x0000000082600000, 0x0000000100000000)
  region size 1024K, 112 young (114688K), 8 survivors (8192K)
 Metaspace       used 77096K, committed 77824K, reserved 1179648K
  class space    used 10210K, committed 10560K, reserved 1048576K
}
Event: 94.838 GC heap after
{Heap after GC invocations=36 (full 0):
 garbage-first heap   total 192512K, used 50648K [0x0000000082600000, 0x0000000100000000)
  region size 1024K, 8 young (8192K), 8 survivors (8192K)
 Metaspace       used 77096K, committed 77824K, reserved 1179648K
  class space    used 10210K, committed 10560K, reserved 1048576K
}
Event: 101.348 GC heap before
{Heap before GC invocations=36 (full 0):
 garbage-first heap   total 192512K, used 157144K [0x0000000082600000, 0x0000000100000000)
  region size 1024K, 112 young (114688K), 8 survivors (8192K)
 Metaspace       used 77096K, committed 77824K, reserved 1179648K
  class space    used 10210K, committed 10560K, reserved 1048576K
}
Event: 101.354 GC heap after
{Heap after GC invocations=37 (full 0):
 garbage-first heap   total 192512K, used 50863K [0x0000000082600000, 0x0000000100000000)
  region size 1024K, 8 young (8192K), 8 survivors (8192K)
 Metaspace       used 77096K, committed 77824K, reserved 1179648K
  class space    used 10210K, committed 10560K, reserved 1048576K
}
Event: 105.568 GC heap before
{Heap before GC invocations=37 (full 0):
 garbage-first heap   total 192512K, used 156335K [0x0000000082600000, 0x0000000100000000)
  region size 1024K, 112 young (114688K), 8 survivors (8192K)
 Metaspace       used 77096K, committed 77824K, reserved 1179648K
  class space    used 10210K, committed 10560K, reserved 1048576K
}
Event: 105.573 GC heap after
{Heap after GC invocations=38 (full 0):
 garbage-first heap   total 192512K, used 51684K [0x0000000082600000, 0x0000000100000000)
  region size 1024K, 8 young (8192K), 8 survivors (8192K)
 Metaspace       used 77096K, committed 77824K, reserved 1179648K
  class space    used 10210K, committed 10560K, reserved 1048576K
}
Event: 108.664 GC heap before
{Heap before GC invocations=38 (full 0):
 garbage-first heap   total 192512K, used 158180K [0x0000000082600000, 0x0000000100000000)
  region size 1024K, 112 young (114688K), 8 survivors (8192K)
 Metaspace       used 77101K, committed 77824K, reserved 1179648K
  class space    used 10210K, committed 10560K, reserved 1048576K
}
Event: 108.669 GC heap after
{Heap after GC invocations=39 (full 0):
 garbage-first heap   total 192512K, used 52158K [0x0000000082600000, 0x0000000100000000)
  region size 1024K, 8 young (8192K), 8 survivors (8192K)
 Metaspace       used 77101K, committed 77824K, reserved 1179648K
  class space    used 10210K, committed 10560K, reserved 1048576K
}
Event: 111.448 GC heap before
{Heap before GC invocations=39 (full 0):
 garbage-first heap   total 192512K, used 158654K [0x0000000082600000, 0x0000000100000000)
  region size 1024K, 112 young (114688K), 8 survivors (8192K)
 Metaspace       used 77105K, committed 77824K, reserved 1179648K
  class space    used 10210K, committed 10560K, reserved 1048576K
}
Event: 111.453 GC heap after
{Heap after GC invocations=40 (full 0):
 garbage-first heap   total 192512K, used 52467K [0x0000000082600000, 0x0000000100000000)
  region size 1024K, 8 young (8192K), 8 survivors (8192K)
 Metaspace       used 77105K, committed 77824K, reserved 1179648K
  class space    used 10210K, committed 10560K, reserved 1048576K
}
Event: 114.539 GC heap before
{Heap before GC invocations=40 (full 0):
 garbage-first heap   total 192512K, used 158963K [0x0000000082600000, 0x0000000100000000)
  region size 1024K, 112 young (114688K), 8 survivors (8192K)
 Metaspace       used 77105K, committed 77824K, reserved 1179648K
  class space    used 10210K, committed 10560K, reserved 1048576K
}
Event: 114.544 GC heap after
{Heap after GC invocations=41 (full 0):
 garbage-first heap   total 192512K, used 53118K [0x0000000082600000, 0x0000000100000000)
  region size 1024K, 8 young (8192K), 8 survivors (8192K)
 Metaspace       used 77105K, committed 77824K, reserved 1179648K
  class space    used 10210K, committed 10560K, reserved 1048576K
}
Event: 117.606 GC heap before
{Heap before GC invocations=41 (full 0):
 garbage-first heap   total 192512K, used 159614K [0x0000000082600000, 0x0000000100000000)
  region size 1024K, 112 young (114688K), 8 survivors (8192K)
 Metaspace       used 77105K, committed 77824K, reserved 1179648K
  class space    used 10210K, committed 10560K, reserved 1048576K
}
Event: 117.612 GC heap after
{Heap after GC invocations=42 (full 0):
 garbage-first heap   total 192512K, used 53094K [0x0000000082600000, 0x0000000100000000)
  region size 1024K, 8 young (8192K), 8 survivors (8192K)
 Metaspace       used 77105K, committed 77824K, reserved 1179648K
  class space    used 10210K, committed 10560K, reserved 1048576K
}
Event: 121.567 GC heap before
{Heap before GC invocations=42 (full 0):
 garbage-first heap   total 192512K, used 159590K [0x0000000082600000, 0x0000000100000000)
  region size 1024K, 112 young (114688K), 8 survivors (8192K)
 Metaspace       used 77106K, committed 77824K, reserved 1179648K
  class space    used 10210K, committed 10560K, reserved 1048576K
}
Event: 121.573 GC heap after
{Heap after GC invocations=43 (full 0):
 garbage-first heap   total 192512K, used 53588K [0x0000000082600000, 0x0000000100000000)
  region size 1024K, 8 young (8192K), 8 survivors (8192K)
 Metaspace       used 77106K, committed 77824K, reserved 1179648K
  class space    used 10210K, committed 10560K, reserved 1048576K
}
Event: 125.668 GC heap before
{Heap before GC invocations=43 (full 0):
 garbage-first heap   total 192512K, used 160084K [0x0000000082600000, 0x0000000100000000)
  region size 1024K, 112 young (114688K), 8 survivors (8192K)
 Metaspace       used 77107K, committed 77824K, reserved 1179648K
  class space    used 10210K, committed 10560K, reserved 1048576K
}
Event: 125.674 GC heap after
{Heap after GC invocations=44 (full 0):
 garbage-first heap   total 192512K, used 54577K [0x0000000082600000, 0x0000000100000000)
  region size 1024K, 8 young (8192K), 8 survivors (8192K)
 Metaspace       used 77107K, committed 77824K, reserved 1179648K
  class space    used 10210K, committed 10560K, reserved 1048576K
}

Dll operation events (14 events):
Event: 0.011 Loaded shared library C:\Users\kousi\.jdks\openjdk-19.0.1\bin\java.dll
Event: 0.020 Loaded shared library C:\Users\kousi\.jdks\openjdk-19.0.1\bin\jsvml.dll
Event: 0.136 Loaded shared library C:\Users\kousi\.jdks\openjdk-19.0.1\bin\zip.dll
Event: 0.139 Loaded shared library C:\Users\kousi\.jdks\openjdk-19.0.1\bin\instrument.dll
Event: 0.146 Loaded shared library C:\Users\kousi\.jdks\openjdk-19.0.1\bin\net.dll
Event: 0.148 Loaded shared library C:\Users\kousi\.jdks\openjdk-19.0.1\bin\nio.dll
Event: 0.151 Loaded shared library C:\Users\kousi\.jdks\openjdk-19.0.1\bin\zip.dll
Event: 0.223 Loaded shared library C:\Program Files\JetBrains\IntelliJ IDEA Community Edition 2022.1.3\bin\breakgen64.dll
Event: 0.234 Loaded shared library C:\Users\kousi\.jdks\openjdk-19.0.1\bin\extnet.dll
Event: 0.264 Loaded shared library C:\Users\kousi\.jdks\openjdk-19.0.1\bin\jimage.dll
Event: 0.569 Loaded shared library C:\Users\kousi\.jdks\openjdk-19.0.1\bin\management.dll
Event: 0.571 Loaded shared library C:\Users\kousi\.jdks\openjdk-19.0.1\bin\management_ext.dll
Event: 2.985 Loaded shared library C:\Users\kousi\.jdks\openjdk-19.0.1\bin\sunmscapi.dll
Event: 3.508 Loaded shared library C:\Users\kousi\.jdks\openjdk-19.0.1\bin\verify.dll

Deoptimization events (20 events):
Event: 87.670 Thread 0x000001f7048cb840 Uncommon trap: reason=unstable_if action=reinterpret pc=0x000001f76e794cb0 method=org.apache.coyote.RequestInfo.updateCounters()V @ 110 c2
Event: 87.670 Thread 0x000001f7048cb840 DEOPT PACKING pc=0x000001f76e794cb0 sp=0x000000ef7c3fee30
Event: 87.670 Thread 0x000001f7060de760 DEOPT UNPACKING pc=0x000001f76da86da3 sp=0x000000ef7c9fed00 mode 2
Event: 87.670 Thread 0x000001f7048cb840 DEOPT UNPACKING pc=0x000001f76da86da3 sp=0x000000ef7c3fed00 mode 2
Event: 87.669 Thread 0x000001f7060d97b0 Uncommon trap: trap_request=0xffffff45 fr.pc=0x000001f76e7d9748 relative=0x0000000000000e08
Event: 87.670 Thread 0x000001f7060d97b0 Uncommon trap: reason=unstable_if action=reinterpret pc=0x000001f76e7d9748 method=org.apache.catalina.core.StandardWrapperValve.invoke(Lorg/apache/catalina/connector/Request;Lorg/apache/catalina/connector/Response;)V @ 709 c2
Event: 87.670 Thread 0x000001f7060d97b0 DEOPT PACKING pc=0x000001f76e7d9748 sp=0x000000ef7cafeb40
Event: 87.670 Thread 0x000001f7060d97b0 DEOPT UNPACKING pc=0x000001f76da86da3 sp=0x000000ef7cafead8 mode 2
Event: 87.670 Thread 0x000001f7060d97b0 Uncommon trap: trap_request=0xffffff45 fr.pc=0x000001f76e794cb0 relative=0x0000000000001af0
Event: 87.670 Thread 0x000001f7060d97b0 Uncommon trap: reason=unstable_if action=reinterpret pc=0x000001f76e794cb0 method=org.apache.coyote.RequestInfo.updateCounters()V @ 110 c2
Event: 87.670 Thread 0x000001f7060d97b0 DEOPT PACKING pc=0x000001f76e794cb0 sp=0x000000ef7cafee40
Event: 87.670 Thread 0x000001f7060d97b0 DEOPT UNPACKING pc=0x000001f76da86da3 sp=0x000000ef7cafed10 mode 2
Event: 87.671 Thread 0x000001f7060dc230 Uncommon trap: trap_request=0xffffff45 fr.pc=0x000001f76e794cb0 relative=0x0000000000001af0
Event: 87.671 Thread 0x000001f7060dc230 Uncommon trap: reason=unstable_if action=reinterpret pc=0x000001f76e794cb0 method=org.apache.coyote.RequestInfo.updateCounters()V @ 110 c2
Event: 87.671 Thread 0x000001f7060dc230 DEOPT PACKING pc=0x000001f76e794cb0 sp=0x000000ef7c5fed50
Event: 87.671 Thread 0x000001f7060dc230 DEOPT UNPACKING pc=0x000001f76da86da3 sp=0x000000ef7c5fec20 mode 2
Event: 126.309 Thread 0x000001f7048cc830 Uncommon trap: trap_request=0xffffffd6 fr.pc=0x000001f76e8393cc relative=0x000000000000108c
Event: 126.309 Thread 0x000001f7048cc830 Uncommon trap: reason=array_check action=maybe_recompile pc=0x000001f76e8393cc method=java.util.concurrent.ConcurrentHashMap$CollectionView.toArray([Ljava/lang/Object;)[Ljava/lang/Object; @ 158 c2
Event: 126.309 Thread 0x000001f7048cc830 DEOPT PACKING pc=0x000001f76e8393cc sp=0x000000ef7bdfee10
Event: 126.310 Thread 0x000001f7048cc830 DEOPT UNPACKING pc=0x000001f76da86da3 sp=0x000000ef7bdfedb0 mode 2

Classes loaded (20 events):
Event: 27.952 Loading class javax/crypto/spec/SecretKeySpec
Event: 27.952 Loading class javax/crypto/SecretKey
Event: 27.952 Loading class javax/crypto/SecretKey done
Event: 27.952 Loading class javax/crypto/spec/SecretKeySpec done
Event: 27.952 Loading class jdk/internal/access/JavaxCryptoSpecAccess
Event: 27.952 Loading class jdk/internal/access/JavaxCryptoSpecAccess done
Event: 27.955 Loading class java/security/InvalidKeyException
Event: 27.955 Loading class java/security/KeyException
Event: 27.955 Loading class java/security/KeyException done
Event: 27.955 Loading class java/security/InvalidKeyException done
Event: 27.955 Loading class javax/crypto/Mac
Event: 27.956 Loading class javax/crypto/Mac done
Event: 27.956 Loading class com/sun/crypto/provider/HmacCore$HmacSHA256
Event: 27.956 Loading class com/sun/crypto/provider/HmacCore
Event: 27.957 Loading class javax/crypto/MacSpi
Event: 27.957 Loading class javax/crypto/MacSpi done
Event: 27.957 Loading class com/sun/crypto/provider/HmacCore done
Event: 27.957 Loading class com/sun/crypto/provider/HmacCore$HmacSHA256 done
Event: 32.763 Loading class sun/util/locale/LocaleExtensions
Event: 32.764 Loading class sun/util/locale/LocaleExtensions done

Classes unloaded (0 events):
No events

Classes redefined (0 events):
No events

Internal exceptions (20 events):
Event: 6.590 Thread 0x000001f77d6f41b0 Implicit null exception at 0x000001f76e0a7546 to 0x000001f76e0a761a
Event: 6.984 Thread 0x000001f77d6f41b0 Exception <a 'java/lang/IncompatibleClassChangeError'{0x000000008755d3e0}: Found class java.lang.Object, but interface was expected> (0x000000008755d3e0) 
thrown [s\open\src\hotspot\share\interpreter\linkResolver.cpp, line 841]
Event: 7.099 Thread 0x000001f77d6f41b0 Exception <a 'java/lang/NoSuchMethodError'{0x0000000086f48af0}: 'java.lang.Object java.lang.invoke.DirectMethodHandle$Holder.invokeInterface(java.lang.Object, java.lang.Object, java.lang.Object, java.lang.Object)'> (0x0000000086f48af0) 
thrown [s\open\src\hotspot\share\interpreter\linkResolver.cpp, line 774]
Event: 7.143 Thread 0x000001f77d6f41b0 Exception <a 'java/lang/NoSuchMethodError'{0x0000000086d6cab8}: 'void java.lang.invoke.DirectMethodHandle$Holder.invokeVirtual(java.lang.Object, java.lang.Object, long)'> (0x0000000086d6cab8) 
thrown [s\open\src\hotspot\share\interpreter\linkResolver.cpp, line 774]
Event: 7.217 Thread 0x000001f77d6f41b0 Exception <a 'java/lang/NoSuchMethodError'{0x00000000869abb10}: 'int java.lang.invoke.DirectMethodHandle$Holder.invokeStaticInit(java.lang.Object, java.lang.Object, java.lang.Object, java.lang.Object)'> (0x00000000869abb10) 
thrown [s\open\src\hotspot\share\interpreter\linkResolver.cpp, line 774]
Event: 7.296 Thread 0x000001f77d6f41b0 Implicit null exception at 0x000001f76e0f7660 to 0x000001f76e0f78ac
Event: 7.467 Thread 0x000001f77d6f41b0 Exception <a 'java/lang/NoSuchMethodError'{0x00000000885b1588}: 'java.lang.Object java.lang.invoke.DirectMethodHandle$Holder.newInvokeSpecial(java.lang.Object, java.lang.Object, int, java.lang.Object, java.lang.Object)'> (0x00000000885b1588) 
thrown [s\open\src\hotspot\share\interpreter\linkResolver.cpp, line 774]
Event: 7.469 Thread 0x000001f77d6f41b0 Exception <a 'java/lang/NoSuchMethodError'{0x00000000885bd7e0}: 'java.lang.Object java.lang.invoke.DirectMethodHandle$Holder.invokeSpecial(java.lang.Object, java.lang.Object, int, java.lang.Object, int, java.lang.Object)'> (0x00000000885bd7e0) 
thrown [s\open\src\hotspot\share\interpreter\linkResolver.cpp, line 774]
Event: 7.470 Thread 0x000001f77d6f41b0 Exception <a 'java/lang/NoSuchMethodError'{0x00000000885c57e8}: 'java.lang.Object java.lang.invoke.DirectMethodHandle$Holder.newInvokeSpecial(java.lang.Object, java.lang.Object, int, java.lang.Object, int)'> (0x00000000885c57e8) 
thrown [s\open\src\hotspot\share\interpreter\linkResolver.cpp, line 774]
Event: 7.470 Thread 0x000001f77d6f41b0 Exception <a 'java/lang/NoSuchMethodError'{0x00000000885c9900}: 'java.lang.Object java.lang.invoke.DirectMethodHandle$Holder.invokeSpecial(java.lang.Object, java.lang.Object, java.lang.Object, int, java.lang.Object, int)'> (0x00000000885c9900) 
thrown [s\open\src\hotspot\share\interpreter\linkResolver.cpp, line 774]
Event: 7.585 Thread 0x000001f7048ca850 Exception <a 'java/lang/NoSuchMethodError'{0x0000000087ccb138}: 'java.lang.Object java.lang.invoke.DirectMethodHandle$Holder.invokeSpecial(java.lang.Object, java.lang.Object, java.lang.Object, java.lang.Object, java.lang.Object, long)'> (0x0000000087ccb138) 
thrown [s\open\src\hotspot\share\interpreter\linkResolver.cpp, line 774]
Event: 7.585 Thread 0x000001f7048ca850 Exception <a 'java/lang/NoSuchMethodError'{0x0000000087cceb88}: 'java.lang.Object java.lang.invoke.Invokers$Holder.linkToTargetMethod(java.lang.Object, java.lang.Object, java.lang.Object, long, java.lang.Object)'> (0x0000000087cceb88) 
thrown [s\open\src\hotspot\share\interpreter\linkResolver.cpp, line 774]
Event: 27.884 Thread 0x000001f7048cb840 Implicit null exception at 0x000001f76e0cc288 to 0x000001f76e0cf440
Event: 28.012 Thread 0x000001f7048cb840 Exception <a 'java/lang/NoSuchMethodError'{0x0000000088454e98}: 'void java.lang.invoke.DirectMethodHandle$Holder.invokeSpecialIFC(java.lang.Object, java.lang.Object, int, java.lang.Object, java.lang.Object, java.lang.Object, java.lang.Object)'> (0x0000000088454e98) 
thrown [s\open\src\hotspot\share\interpreter\linkResolver.cpp, line 774]
Event: 30.633 Thread 0x000001f7060dd220 Implicit null exception at 0x000001f76e1a338e to 0x000001f76e1a37d4
Event: 35.809 Thread 0x000001f7060dd220 Implicit null exception at 0x000001f76e54a880 to 0x000001f76e54a8f8
Event: 48.118 Thread 0x000001f7060dccd0 Implicit null exception at 0x000001f76e6c510b to 0x000001f76e6ca368
Event: 48.126 Thread 0x000001f7060d97b0 Implicit null exception at 0x000001f76e6c510b to 0x000001f76e6ca368
Event: 48.128 Thread 0x000001f7060dc230 Implicit null exception at 0x000001f76e6c510b to 0x000001f76e6ca368
Event: 48.134 Thread 0x000001f7060dd770 Implicit null exception at 0x000001f76e6c510b to 0x000001f76e6ca368

VM Operations (20 events):
Event: 89.357 Executing VM operation: G1CollectForAllocation
Event: 89.364 Executing VM operation: G1CollectForAllocation done
Event: 94.832 Executing VM operation: G1CollectForAllocation
Event: 94.838 Executing VM operation: G1CollectForAllocation done
Event: 101.348 Executing VM operation: G1CollectForAllocation
Event: 101.354 Executing VM operation: G1CollectForAllocation done
Event: 105.568 Executing VM operation: G1CollectForAllocation
Event: 105.573 Executing VM operation: G1CollectForAllocation done
Event: 108.664 Executing VM operation: G1CollectForAllocation
Event: 108.669 Executing VM operation: G1CollectForAllocation done
Event: 111.448 Executing VM operation: G1CollectForAllocation
Event: 111.453 Executing VM operation: G1CollectForAllocation done
Event: 114.539 Executing VM operation: G1CollectForAllocation
Event: 114.544 Executing VM operation: G1CollectForAllocation done
Event: 117.606 Executing VM operation: G1CollectForAllocation
Event: 117.613 Executing VM operation: G1CollectForAllocation done
Event: 121.567 Executing VM operation: G1CollectForAllocation
Event: 121.573 Executing VM operation: G1CollectForAllocation done
Event: 125.668 Executing VM operation: G1CollectForAllocation
Event: 125.674 Executing VM operation: G1CollectForAllocation done

Events (20 events):
Event: 48.012 Thread 0x000001f77c6e20b0 flushing nmethod 0x000001f767539010
Event: 48.012 Thread 0x000001f77c6e20b0 flushing nmethod 0x000001f7675dda10
Event: 48.012 Thread 0x000001f77c6e20b0 flushing nmethod 0x000001f7675e9710
Event: 48.012 Thread 0x000001f77c6e20b0 flushing nmethod 0x000001f7675fb810
Event: 48.012 Thread 0x000001f77c6e20b0 flushing nmethod 0x000001f7675fe790
Event: 48.012 Thread 0x000001f77c6e20b0 flushing nmethod 0x000001f767602d90
Event: 48.012 Thread 0x000001f77c6e20b0 flushing nmethod 0x000001f767604e90
Event: 48.012 Thread 0x000001f77c6e20b0 flushing nmethod 0x000001f767609b90
Event: 52.154 Thread 0x000001f77f555510 Thread exited: 0x000001f77f555510
Event: 54.310 Thread 0x000001f77f55ae10 Thread added: 0x000001f77f55ae10
Event: 55.599 Thread 0x000001f77f55ae10 Thread exited: 0x000001f77f55ae10
Event: 58.613 Thread 0x000001f77f556030 Thread added: 0x000001f77f556030
Event: 58.977 Thread 0x000001f77c6e20b0 flushing nmethod 0x000001f76689cc90
Event: 65.083 Thread 0x000001f77f556030 Thread exited: 0x000001f77f556030
Event: 65.106 Thread 0x000001f77f558720 Thread added: 0x000001f77f558720
Event: 65.107 Thread 0x000001f77f557670 Thread added: 0x000001f77f557670
Event: 66.236 Thread 0x000001f77f558720 Thread exited: 0x000001f77f558720
Event: 66.236 Thread 0x000001f77f557670 Thread exited: 0x000001f77f557670
Event: 71.716 Thread 0x000001f77f55ae10 Thread added: 0x000001f77f55ae10
Event: 73.825 Thread 0x000001f77f55ae10 Thread exited: 0x000001f77f55ae10


Dynamic libraries:
0x00007ff77e7c0000 - 0x00007ff77e7ce000 	C:\Users\kousi\.jdks\openjdk-19.0.1\bin\java.exe
0x00007ffab3790000 - 0x00007ffab39a4000 	C:\WINDOWS\SYSTEM32\ntdll.dll
0x00007ffab2b60000 - 0x00007ffab2c22000 	C:\WINDOWS\System32\KERNEL32.DLL
0x00007ffab0b90000 - 0x00007ffab0f33000 	C:\WINDOWS\System32\KERNELBASE.dll
0x00007ffab10b0000 - 0x00007ffab11c1000 	C:\WINDOWS\System32\ucrtbase.dll
0x00007ffaac340000 - 0x00007ffaac357000 	C:\Users\kousi\.jdks\openjdk-19.0.1\bin\jli.dll
0x00007ffaac320000 - 0x00007ffaac33b000 	C:\Users\kousi\.jdks\openjdk-19.0.1\bin\VCRUNTIME140.dll
0x00007ffab2c30000 - 0x00007ffab2dda000 	C:\WINDOWS\System32\USER32.dll
0x00007ffa959c0000 - 0x00007ffa95c4e000 	C:\WINDOWS\WinSxS\amd64_microsoft.windows.common-controls_6595b64144ccf1df_6.0.22621.1635_none_270f70857386168e\COMCTL32.dll
0x00007ffab1080000 - 0x00007ffab10a6000 	C:\WINDOWS\System32\win32u.dll
0x00007ffab2ea0000 - 0x00007ffab2f47000 	C:\WINDOWS\System32\msvcrt.dll
0x00007ffab1fd0000 - 0x00007ffab1ff9000 	C:\WINDOWS\System32\GDI32.dll
0x00007ffab11d0000 - 0x00007ffab12e9000 	C:\WINDOWS\System32\gdi32full.dll
0x00007ffab1360000 - 0x00007ffab13fa000 	C:\WINDOWS\System32\msvcp_win.dll
0x00007ffab2000000 - 0x00007ffab2031000 	C:\WINDOWS\System32\IMM32.DLL
0x00007ffaad7a0000 - 0x00007ffaad7ac000 	C:\Users\kousi\.jdks\openjdk-19.0.1\bin\vcruntime140_1.dll
0x00007ffa7d610000 - 0x00007ffa7d69e000 	C:\Users\kousi\.jdks\openjdk-19.0.1\bin\msvcp140.dll
0x00007ffa1e6c0000 - 0x00007ffa1f380000 	C:\Users\kousi\.jdks\openjdk-19.0.1\bin\server\jvm.dll
0x00007ffab2de0000 - 0x00007ffab2e8e000 	C:\WINDOWS\System32\ADVAPI32.dll
0x00007ffab3540000 - 0x00007ffab35e4000 	C:\WINDOWS\System32\sechost.dll
0x00007ffab2040000 - 0x00007ffab2157000 	C:\WINDOWS\System32\RPCRT4.dll
0x00007ffaa85f0000 - 0x00007ffaa8624000 	C:\WINDOWS\SYSTEM32\WINMM.dll
0x00007ffaa8500000 - 0x00007ffaa850a000 	C:\WINDOWS\SYSTEM32\VERSION.dll
0x00007ffaa6460000 - 0x00007ffaa6469000 	C:\WINDOWS\SYSTEM32\WSOCK32.dll
0x00007ffab2940000 - 0x00007ffab29b1000 	C:\WINDOWS\System32\WS2_32.dll
0x00007ffaafbd0000 - 0x00007ffaafbe8000 	C:\WINDOWS\SYSTEM32\kernel.appcore.dll
0x00007ffaac310000 - 0x00007ffaac31a000 	C:\Users\kousi\.jdks\openjdk-19.0.1\bin\jimage.dll
0x00007ffa9dd90000 - 0x00007ffa9dfbe000 	C:\WINDOWS\SYSTEM32\DBGHELP.DLL
0x00007ffab2320000 - 0x00007ffab26a9000 	C:\WINDOWS\System32\combase.dll
0x00007ffab3650000 - 0x00007ffab3727000 	C:\WINDOWS\System32\OLEAUT32.dll
0x00007ffa9bd40000 - 0x00007ffa9bd72000 	C:\WINDOWS\SYSTEM32\dbgcore.DLL
0x00007ffab0f40000 - 0x00007ffab0fba000 	C:\WINDOWS\System32\bcryptPrimitives.dll
0x00007ffaac210000 - 0x00007ffaac21e000 	C:\Users\kousi\.jdks\openjdk-19.0.1\bin\instrument.dll
0x00007ffaac2e0000 - 0x00007ffaac306000 	C:\Users\kousi\.jdks\openjdk-19.0.1\bin\java.dll
0x00007ffa7b8c0000 - 0x00007ffa7b997000 	C:\Users\kousi\.jdks\openjdk-19.0.1\bin\jsvml.dll
0x00007ffab17d0000 - 0x00007ffab1fc9000 	C:\WINDOWS\System32\SHELL32.dll
0x00007ffaaeb80000 - 0x00007ffaaf44e000 	C:\WINDOWS\SYSTEM32\windows.storage.dll
0x00007ffaaea40000 - 0x00007ffaaeb7e000 	C:\WINDOWS\SYSTEM32\wintypes.dll
0x00007ffab3430000 - 0x00007ffab3521000 	C:\WINDOWS\System32\SHCORE.dll
0x00007ffab35f0000 - 0x00007ffab364e000 	C:\WINDOWS\System32\shlwapi.dll
0x00007ffab0ac0000 - 0x00007ffab0ae6000 	C:\WINDOWS\SYSTEM32\profapi.dll
0x00007ffaac220000 - 0x00007ffaac238000 	C:\Users\kousi\.jdks\openjdk-19.0.1\bin\zip.dll
0x00007ffaac2c0000 - 0x00007ffaac2d3000 	C:\Users\kousi\.jdks\openjdk-19.0.1\bin\net.dll
0x00007ffaaa850000 - 0x00007ffaaa987000 	C:\WINDOWS\SYSTEM32\WINHTTP.dll
0x00007ffab0050000 - 0x00007ffab00b9000 	C:\WINDOWS\system32\mswsock.dll
0x00007ffaac2a0000 - 0x00007ffaac2b6000 	C:\Users\kousi\.jdks\openjdk-19.0.1\bin\nio.dll
0x00007ffaa66b0000 - 0x00007ffaa66ca000 	C:\Program Files\JetBrains\IntelliJ IDEA Community Edition 2022.1.3\bin\breakgen64.dll
0x00007ffaa8690000 - 0x00007ffaa8698000 	C:\Users\kousi\.jdks\openjdk-19.0.1\bin\extnet.dll
0x00007ffaaa4f0000 - 0x00007ffaaa4fa000 	C:\Users\kousi\.jdks\openjdk-19.0.1\bin\management.dll
0x00007ffaa86a0000 - 0x00007ffaa86ab000 	C:\Users\kousi\.jdks\openjdk-19.0.1\bin\management_ext.dll
0x00007ffab2e90000 - 0x00007ffab2e98000 	C:\WINDOWS\System32\PSAPI.DLL
0x00007ffab02c0000 - 0x00007ffab02db000 	C:\WINDOWS\SYSTEM32\CRYPTSP.dll
0x00007ffaafb40000 - 0x00007ffaafb75000 	C:\WINDOWS\system32\rsaenh.dll
0x00007ffab0150000 - 0x00007ffab017c000 	C:\WINDOWS\SYSTEM32\USERENV.dll
0x00007ffab0470000 - 0x00007ffab0498000 	C:\WINDOWS\SYSTEM32\bcrypt.dll
0x00007ffab02b0000 - 0x00007ffab02bc000 	C:\WINDOWS\SYSTEM32\CRYPTBASE.dll
0x00007ffaaf6b0000 - 0x00007ffaaf6dd000 	C:\WINDOWS\SYSTEM32\IPHLPAPI.DLL
0x00007ffab2780000 - 0x00007ffab2789000 	C:\WINDOWS\System32\NSI.dll
0x00007ffaaa4d0000 - 0x00007ffaaa4e9000 	C:\WINDOWS\SYSTEM32\dhcpcsvc6.DLL
0x00007ffaaa440000 - 0x00007ffaaa45f000 	C:\WINDOWS\SYSTEM32\dhcpcsvc.DLL
0x00007ffaaf720000 - 0x00007ffaaf813000 	C:\WINDOWS\SYSTEM32\DNSAPI.dll
0x00007ffaa71c0000 - 0x00007ffaa71ce000 	C:\Users\kousi\.jdks\openjdk-19.0.1\bin\sunmscapi.dll
0x00007ffab1400000 - 0x00007ffab1567000 	C:\WINDOWS\System32\CRYPT32.dll
0x00007ffab0440000 - 0x00007ffab046e000 	C:\WINDOWS\SYSTEM32\ncrypt.dll
0x00007ffab0400000 - 0x00007ffab0437000 	C:\WINDOWS\SYSTEM32\NTASN1.dll
0x00007ffaaa500000 - 0x00007ffaaa510000 	C:\Users\kousi\.jdks\openjdk-19.0.1\bin\verify.dll
0x00007ffaa1040000 - 0x00007ffaa104a000 	C:\Windows\System32\rasadhlp.dll
0x00007ffaa79b0000 - 0x00007ffaa7a34000 	C:\WINDOWS\System32\fwpuclnt.dll
0x00007ffa9f950000 - 0x00007ffa9f958000 	C:\WINDOWS\system32\wshunix.dll

dbghelp: loaded successfully - version: 4.0.5 - missing functions: none
symbol engine: initialized successfully - sym options: 0x614 - pdb path: .;C:\Users\kousi\.jdks\openjdk-19.0.1\bin;C:\WINDOWS\SYSTEM32;C:\WINDOWS\WinSxS\amd64_microsoft.windows.common-controls_6595b64144ccf1df_6.0.22621.1635_none_270f70857386168e;C:\Users\kousi\.jdks\openjdk-19.0.1\bin\server;C:\Program Files\JetBrains\IntelliJ IDEA Community Edition 2022.1.3\bin

VM Arguments:
jvm_args: -javaagent:C:\Program Files\JetBrains\IntelliJ IDEA Community Edition 2022.1.3\lib\idea_rt.jar=57859:C:\Program Files\JetBrains\IntelliJ IDEA Community Edition 2022.1.3\bin -Dfile.encoding=UTF-8 
java_command: com.whatsapp.whatsappclone.WhatsappcloneApplication
java_class_path (initial): C:\Users\kousi\OneDrive\Desktop\whatsappclone\target\classes;C:\Users\kousi\.m2\repository\org\springframework\boot\spring-boot-starter-data-jpa\3.1.2-SNAPSHOT\spring-boot-starter-data-jpa-3.1.2-20230630.205127-24.jar;C:\Users\kousi\.m2\repository\org\springframework\boot\spring-boot-starter-aop\3.1.2-SNAPSHOT\spring-boot-starter-aop-3.1.2-20230630.205127-24.jar;C:\Users\kousi\.m2\repository\org\aspectj\aspectjweaver\1.9.19\aspectjweaver-1.9.19.jar;C:\Users\kousi\.m2\repository\org\springframework\boot\spring-boot-starter-jdbc\3.1.2-SNAPSHOT\spring-boot-starter-jdbc-3.1.2-20230630.205127-24.jar;C:\Users\kousi\.m2\repository\com\zaxxer\HikariCP\5.0.1\HikariCP-5.0.1.jar;C:\Users\kousi\.m2\repository\org\springframework\spring-jdbc\6.0.10\spring-jdbc-6.0.10.jar;C:\Users\kousi\.m2\repository\org\hibernate\orm\hibernate-core\6.2.5.Final\hibernate-core-6.2.5.Final.jar;C:\Users\kousi\.m2\repository\jakarta\persistence\jakarta.persistence-api\3.1.0\jakarta.persistence-api-3.1.0.jar;C:\Users\kousi\.m2\repository\jakarta\transaction\jakarta.transaction-api\2.0.1\jakarta.transaction-api-2.0.1.jar;C:\Users\kousi\.m2\repository\org\jboss\logging\jboss-logging\3.5.1.Final\jboss-logging-3.5.1.Final.jar;C:\Users\kousi\.m2\repository\org\hibernate\common\hibernate-commons-annotations\6.0.6.Final\hibernate-commons-annotations-6.0.6.Final.jar;C:\Users\kousi\.m2\repository\io\smallrye\jandex\3.0.5\jandex-3.0.5.jar;C:\Users\kousi\.m2\repository\com\fasterxml\classmate\1.5.1\classmate-1.5.1.jar;C:\Users\kousi\.m2\repository\net\bytebuddy\byte-buddy\1.14.5\byte-buddy-1.14.5.jar;C:\Users\kousi\.m2\repository\org\glassfish\jaxb\jaxb-runtime\4.0.3\jaxb-runtime-4.0.3.jar;C:\Users\kousi\.m2\repository\org\glassfish\jaxb\jaxb-core\4.0.3\jaxb-core-4.0.3.jar;C:\Users\kousi\.m2\repository\org\eclipse\angus\angus-activation\2.0.1\angus-activation-2.0.1.jar;C:\Users\kousi\.m2\repository\org\glassfish\jaxb\txw2\4.0.3\txw2-4.0.3.jar;C:\Users\kousi\.m2\repository\com\sun\istack\istack-commons-runtime\4.1.2\istack-commons-runtime-4.1.2.jar;C:\Users\kousi\.m2\repository\jakarta\inject\jakarta.inject-api\2.0.1\jakarta.inject-api-2.0.1.jar;C:\Users\kousi\.m2\repository\org\antlr\antlr4-runtime\4.10.1\antlr4-runtime-4.10.1.jar;C:\Users\kousi\.m2\repository\org\springframework\data\spring-data-jpa\3.1.1\spring-data-jpa-3.1.1.jar;C:\Users\kousi\.m2\repository\org\springframework\data\spring-data-commons\3.1.1\spring-data-commons-3.1.1.jar;C:\Users\kousi\.m2\repository\org\springframework\spring-orm\6.0.10\spring-orm-6.0.10.jar;C:\Users\kousi\.m2\repository\org\springframework\spring-context\6.0.10\spring-context-6.0.10.jar;C:\Users\kousi\.m2\repository\org\springframework\spring-tx\6.0.10\spring-tx-6.0.10.jar;C:\Users\kousi\.m2\repository\org\springframework\spring-beans\6.0.10\spring-beans-6.0.10.jar;C:\Users\kousi\.m2\repository\jakarta\annotation\jakarta.annotation-api\2.1.1\jakarta.annotation-api-2.1.1.jar;C:\Users\kousi\.m2\repository\org\springframework\spring-aspects\6.0.10\spring-aspects-6.0.10.jar;C:\Users\kousi\.m2\repository\org\springframework\boot\spring-boot-starter-security\3.1.2-SNAPSHOT\spring-boot-starter-security-3.1.2-20230630.205127-24.jar;C:\Users\kousi\.m2\repository\org\springframework\boot\spring-boot-starter\3.1.2-SNAPSHOT\spring-boot-starter-3.1.2-20230630.205127-24.jar;C:\Users\kousi\.m2\repository\org\springframework\boot\spring-boot-starter-logging\3.1.2-SNAPSHOT\spring-boot-starter-logging-3.1.2-20230630.205127-24.jar;C:\Users\kousi\.m2\repository\ch\qos\logback\logback-classic\1.4.8\logback-classic-1.4.8.jar;C:\Users\kousi\.m2\repository\ch\qos\logback\logback-core\1.4.8\logback-core-1.4.8.jar;C:\Users\kousi\.m2\repository\org\apache\logging\log4j\log4j-to-slf4j\2.20.0\log4j-to-slf4j-2.20.0.jar;C:\Users\kousi\.m2\repository\org\apache\logging\log4j\log4j-api\2.20.0\log4j-api-2.20.0.jar;C:\Users\kousi\.m2\repository\org\slf4j\jul-to-slf4j\2.0.7\jul-to-slf4j-2.0.7.jar;C:\Users\kousi\.m2\repository\org\yaml\snakeyaml\1.33\snakeyaml-1.33.jar;C:\Users\kousi\.m2\repository\org\springframework\spring-aop\6.0.10\spring-aop-6.0.10.jar;C:\Users\kousi\.m2\repository\org\springframework\security\spring-security-config\6.1.1\spring-security-config-6.1.1.jar;C:\Users\kousi\.m2\repository\org\springframework\security\spring-security-web\6.1.1\spring-security-web-6.1.1.jar;C:\Users\kousi\.m2\repository\org\springframework\spring-expression\6.0.10\spring-expression-6.0.10.jar;C:\Users\kousi\.m2\repository\org\springframework\boot\spring-boot-starter-thymeleaf\3.1.2-SNAPSHOT\spring-boot-starter-thymeleaf-3.1.2-20230630.205127-24.jar;C:\Users\kousi\.m2\repository\org\thymeleaf\thymeleaf-spring6\3.1.1.RELEASE\thymeleaf-spring6-3.1.1.RELEASE.jar;C:\Users\kousi\.m2\repository\org\thymeleaf\thymeleaf\3.1.1.RELEASE\thymeleaf-3.1.1.RELEASE.jar;C:\Users\kousi\.m2\repository\org\attoparser\attoparser\2.0.6.RELEASE\attoparser-2.0.6.RELEASE.jar;C:\Users\kousi\.m2\repository\org\unbescape\unbescape\1.1.6.RELEASE\unbescape-1.1.6.RELEASE.jar;C:\Users\kousi\.m2\repository\org\springframework\boot\spring-boot-starter-validation\3.1.2-SNAPSHOT\spring-boot-starter-validation-3.1.2-20230630.205127-24.jar;C:\Users\kousi\.m2\repository\org\apache\tomcat\embed\tomcat-embed-el\10.1.10\tomcat-embed-el-10.1.10.jar;C:\Users\kousi\.m2\repository\org\hibernate\validator\hibernate-validator\8.0.0.Final\hibernate-validator-8.0.0.Final.jar;C:\Users\kousi\.m2\repository\jakarta\validation\jakarta.validation-api\3.0.2\jakarta.validation-api-3.0.2.jar;C:\Users\kousi\.m2\repository\org\springframework\boot\spring-boot-starter-web\3.1.2-SNAPSHOT\spring-boot-starter-web-3.1.2-20230630.205127-24.jar;C:\Users\kousi\.m2\repository\org\springframework\boot\spring-boot-starter-json\3.1.2-SNAPSHOT\spring-boot-starter-json-3.1.2-20230630.205127-24.jar;C:\Users\kousi\.m2\repository\com\fasterxml\jackson\datatype\jackson-datatype-jdk8\2.15.2\jackson-datatype-jdk8-2.15.2.jar;C:\Users\kousi\.m2\repository\com\fasterxml\jackson\datatype\jackson-datatype-jsr310\2.15.2\jackson-datatype-jsr310-2.15.2.jar;C:\Users\kousi\.m2\repository\com\fasterxml\jackson\module\jackson-module-parameter-names\2.15.2\jackson-module-parameter-names-2.15.2.jar;C:\Users\kousi\.m2\repository\org\springframework\boot\spring-boot-starter-tomcat\3.1.2-SNAPSHOT\spring-boot-starter-tomcat-3.1.2-20230630.205127-24.jar;C:\Users\kousi\.m2\repository\org\apache\tomcat\embed\tomcat-embed-core\10.1.10\tomcat-embed-core-10.1.10.jar;C:\Users\kousi\.m2\repository\org\apache\tomcat\embed\tomcat-embed-websocket\10.1.10\tomcat-embed-websocket-10.1.10.jar;C:\Users\kousi\.m2\repository\org\springframework\spring-web\6.0.10\spring-web-6.0.10.jar;C:\Users\kousi\.m2\repository\io\micrometer\micrometer-observation\1.11.1\micrometer-observation-1.11.1.jar;C:\Users\kousi\.m2\repository\io\micrometer\micrometer-commons\1.11.1\micrometer-commons-1.11.1.jar;C:\Users\kousi\.m2\repository\org\springframework\spring-webmvc\6.0.10\spring-webmvc-6.0.10.jar;C:\Users\kousi\.m2\repository\org\thymeleaf\extras\thymeleaf-extras-springsecurity6\3.1.1.RELEASE\thymeleaf-extras-springsecurity6-3.1.1.RELEASE.jar;C:\Users\kousi\.m2\repository\org\slf4j\slf4j-api\2.0.7\slf4j-api-2.0.7.jar;C:\Users\kousi\.m2\repository\io\jsonwebtoken\jjwt-api\0.11.5\jjwt-api-0.11.5.jar;C:\Users\kousi\.m2\repository\io\jsonwebtoken\jjwt-impl\0.11.5\jjwt-impl-0.11.5.jar;C:\Users\kousi\.m2\repository\io\jsonwebtoken\jjwt-jackson\0.11.5\jjwt-jackson-0.11.5.jar;C:\Users\kousi\.m2\repository\com\fasterxml\jackson\core\jackson-databind\2.15.2\jackson-databind-2.15.2.jar;C:\Users\kousi\.m2\repository\com\fasterxml\jackson\core\jackson-annotations\2.15.2\jackson-annotations-2.15.2.jar;C:\Users\kousi\.m2\repository\com\fasterxml\jackson\core\jackson-core\2.15.2\jackson-core-2.15.2.jar;C:\Users\kousi\.m2\repository\org\springframework\boot\spring-boot-devtools\3.1.2-SNAPSHOT\spring-boot-devtools-3.1.2-20230630.205127-24.jar;C:\Users\kousi\.m2\repository\org\springframework\boot\spring-boot\3.1.2-SNAPSHOT\spring-boot-3.1.2-20230630.205127-24.jar;C:\Users\kousi\.m2\repository\org\springframework\boot\spring-boot-autoconfigure\3.1.2-SNAPSHOT\spring-boot-autoconfigure-3.1.2-20230630.205127-24.jar;C:\Users\kousi\.m2\repository\com\mysql\mysql-connector-j\8.0.33\mysql-connector-j-8.0.33.jar;C:\Users\kousi\.m2\repository\org\projectlombok\lombok\1.18.28\lombok-1.18.28.jar;C:\Users\kousi\.m2\repository\jakarta\xml\bind\jakarta.xml.bind-api\4.0.0\jakarta.xml.bind-api-4.0.0.jar;C:\Users\kousi\.m2\repository\jakarta\activation\jakarta.activation-api\2.1.2\jakarta.activation-api-2.1.2.jar;C:\Users\kousi\.m2\repository\org\springframework\spring-core\6.0.10\spring-core-6.0.10.jar;C:\Users\kousi\.m2\repository\org\springframework\spring-jcl\6.0.10\spring-jcl-6.0.10.jar;C:\Users\kousi\.m2\repository\org\springframework\security\spring-security-core\6.1.1\spring-security-core-6.1.1.jar;C:\Users\kousi\.m2\repository\org\springframework\security\spring-security-crypto\6.1.1\spring-security-crypto-6.1.1.jar
Launcher Type: SUN_STANDARD

[Global flags]
     intx CICompilerCount                          = 4                                         {product} {ergonomic}
     uint ConcGCThreads                            = 2                                         {product} {ergonomic}
     uint G1ConcRefinementThreads                  = 8                                         {product} {ergonomic}
   size_t G1HeapRegionSize                         = 1048576                                   {product} {ergonomic}
    uintx GCDrainStackTargetSize                   = 64                                        {product} {ergonomic}
   size_t InitialHeapSize                          = 132120576                                 {product} {ergonomic}
   size_t MarkStackSize                            = 4194304                                   {product} {ergonomic}
   size_t MaxHeapSize                              = 2107637760                                {product} {ergonomic}
   size_t MaxNewSize                               = 1264582656                                {product} {ergonomic}
   size_t MinHeapDeltaBytes                        = 1048576                                   {product} {ergonomic}
   size_t MinHeapSize                              = 8388608                                   {product} {ergonomic}
    uintx NonNMethodCodeHeapSize                   = 5839372                                {pd product} {ergonomic}
    uintx NonProfiledCodeHeapSize                  = 122909434                              {pd product} {ergonomic}
    uintx ProfiledCodeHeapSize                     = 122909434                              {pd product} {ergonomic}
    uintx ReservedCodeCacheSize                    = 251658240                              {pd product} {ergonomic}
     bool SegmentedCodeCache                       = true                                      {product} {ergonomic}
   size_t SoftMaxHeapSize                          = 2107637760                             {manageable} {ergonomic}
     bool UseCompressedClassPointers               = true                           {product lp64_product} {ergonomic}
     bool UseCompressedOops                        = true                           {product lp64_product} {ergonomic}
     bool UseG1GC                                  = true                                      {product} {ergonomic}
     bool UseLargePagesIndividualAllocation        = false                                  {pd product} {ergonomic}

Logging:
Log output configuration:
 #0: stdout all=warning uptime,level,tags foldmultilines=false
 #1: stderr all=off uptime,level,tags foldmultilines=false

Environment Variables:
PATH=C:\Program Files\Common Files\Oracle\Java\javapath;C:\WINDOWS\system32;C:\WINDOWS;C:\WINDOWS\System32\Wbem;C:\WINDOWS\System32\WindowsPowerShell\v1.0\;C:\WINDOWS\System32\OpenSSH\;C:\Users\kousi\AppData\Local\Programs\Python\Python38\Scripts\;C:\Users\kousi\AppData\Local\Programs\Python\Python38\;C:\Users\kousi\AppData\Local\Microsoft\WindowsApps;C:\adb;C:\WINDOWS\system32;C:\WINDOWS;C:\WINDOWS\System32\Wbem;C:\WINDOWS\System32\WindowsPowerShell\v1.0\;C:\WINDOWS\System32\OpenSSH\;C:\Program Files\Git\cmd;C:\Program Files\nodejs\;C:\Users\kousi\AppData\Local\Microsoft\WindowsApps;C:\Users\kousi\AppData\Local\GitHubDesktop\bin;C:\Users\kousi\AppData\Roaming\npm;C:\Users\kousi\AppData\Local\Programs\Microsoft VS Code\bin
USERNAME=kousi
OS=Windows_NT
PROCESSOR_IDENTIFIER=Intel64 Family 6 Model 142 Stepping 12, GenuineIntel
TMP=C:\Users\kousi\AppData\Local\Temp
TEMP=C:\Users\kousi\AppData\Local\Temp



---------------  S Y S T E M  ---------------

OS:
 Windows 11 , 64 bit Build 22621 (10.0.22621.1928)
OS uptime: 3 days 4:27 hours

CPU: total 8 (initial active 8) (4 cores per cpu, 2 threads per core) family 6 model 142 stepping 12 microcode 0xde, cx8, cmov, fxsr, ht, mmx, 3dnowpref, sse, sse2, sse3, ssse3, sse4.1, sse4.2, popcnt, lzcnt, tsc, tscinvbit, avx, avx2, aes, erms, clmul, bmi1, bmi2, adx, fma, vzeroupper, clflush, clflushopt, rdtscp

Memory: 4k page, system-wide physical 8033M (874M free)
TotalPageFile size 32609M (AvailPageFile size 0M)
current process WorkingSet (physical memory assigned to process): 358M, peak: 416M
current process commit charge ("private bytes"): 418M, peak: 459M

vm_info: OpenJDK 64-Bit Server VM (19.0.1+10-21) for windows-amd64 JRE (19.0.1+10-21), built on 2022-09-14T12:45:06Z by "mach5one" with MS VC++ 17.1 (VS2022)

END.
